2025-03-17 18:51:37,575 [1] INFO lab3.Program - Aplicatia a fost pornita.
2025-03-17 18:51:37,597 [1] INFO lab3.Program - Conexiune deschisa cu succes.
2025-03-17 18:51:37,598 [1] INFO lab3.Program - Operatiunea s-a incheiat cu succes.
2025-03-17 18:51:41,788 [.NET TP Worker] DEBUG lab3.repository.CursaRepository - Se adauga o cursa in baza de date.
2025-03-17 18:51:41,824 [.NET TP Worker] DEBUG lab3.repository.CursaRepository - Cursa a fost adaugata cu succes.
2025-03-17 18:51:41,826 [.NET TP Worker] DEBUG lab3.repository.CursaRepository - Se modifica cursa cu id 21
2025-03-17 18:51:41,833 [.NET TP Worker] DEBUG lab3.repository.CursaRepository - Cursa a fost modificata cu succes.
2025-03-17 18:51:41,833 [.NET TP Worker] DEBUG lab3.repository.CursaRepository - Se cauta cursa cu id 21
2025-03-17 18:51:41,834 [.NET TP Worker] DEBUG lab3.repository.CursaRepository - Cursa gasita: Cursa Modificata
2025-03-17 18:51:41,835 [.NET TP Worker] DEBUG lab3.repository.CursaRepository - Se preiau toate cursele din baza de date.
2025-03-17 18:51:41,835 [.NET TP Worker] DEBUG lab3.repository.CursaRepository - S-au preluat 1 curse.
2025-03-17 18:51:41,837 [.NET TP Worker] DEBUG lab3.repository.CursaRepository - Se sterge cursa cu id 21
2025-03-17 18:51:41,843 [.NET TP Worker] DEBUG lab3.repository.CursaRepository - Cursa a fost stearsa cu succes.
2025-03-17 18:51:41,844 [.NET TP Worker] DEBUG lab3.repository.CursaRepository - Se cauta cursa cu id 21
2025-03-17 18:51:41,844 [.NET TP Worker] DEBUG lab3.repository.CursaRepository - Cursa nu a fost gasita.
2025-03-17 18:51:41,850 [.NET TP Worker] DEBUG lab3.repository.EchipaRepository - Se adauga o echipa in baza de date.
2025-03-17 18:51:41,857 [.NET TP Worker] DEBUG lab3.repository.EchipaRepository - Echipa a fost adaugata cu succes.
2025-03-17 18:51:41,857 [.NET TP Worker] DEBUG lab3.Tests.RepositoryTest - Echipa a fost adăugată: 26
2025-03-17 18:51:41,857 [.NET TP Worker] DEBUG lab3.repository.EchipaRepository - Se modifica echipa cu id 26
2025-03-17 18:51:41,864 [.NET TP Worker] DEBUG lab3.repository.EchipaRepository - Echipa a fost modificata cu succes.
2025-03-17 18:51:41,864 [.NET TP Worker] DEBUG lab3.repository.EchipaRepository - Se cauta echipa cu id 26
2025-03-17 18:51:41,864 [.NET TP Worker] DEBUG lab3.repository.EchipaRepository - Echipa gasita: Echipa Modificata
2025-03-17 18:51:41,865 [.NET TP Worker] DEBUG lab3.repository.EchipaRepository - Se preiau toate echipele din baza de date.
2025-03-17 18:51:41,865 [.NET TP Worker] DEBUG lab3.repository.EchipaRepository - S-au preluat 1 echipe.
2025-03-17 18:51:41,865 [.NET TP Worker] DEBUG lab3.repository.EchipaRepository - Se sterge echipa cu id 26
2025-03-17 18:51:41,872 [.NET TP Worker] DEBUG lab3.repository.EchipaRepository - Echipa a fost stearsa cu succes.
2025-03-17 18:51:41,872 [.NET TP Worker] DEBUG lab3.repository.EchipaRepository - Se cauta echipa cu id 26
2025-03-17 18:51:41,872 [.NET TP Worker] DEBUG lab3.repository.EchipaRepository - Echipa nu a fost gasita.
2025-03-17 18:51:41,875 [.NET TP Worker] DEBUG lab3.repository.EchipaRepository - Se adauga o echipa in baza de date.
2025-03-17 18:51:41,947 [.NET TP Worker] DEBUG lab3.repository.EchipaRepository - Echipa a fost adaugata cu succes.
2025-03-17 18:51:41,947 [.NET TP Worker] DEBUG lab3.repository.CursaRepository - Se adauga o cursa in baza de date.
2025-03-17 18:51:41,957 [.NET TP Worker] DEBUG lab3.repository.CursaRepository - Cursa a fost adaugata cu succes.
2025-03-17 18:51:41,959 [.NET TP Worker] DEBUG lab3.repository.ParticipantRepository - Incep adaugarea participantului: Participant Test
2025-03-17 18:51:41,970 [.NET TP Worker] DEBUG lab3.repository.ParticipantRepository - Participantul Participant Test a fost adaugat cu succes.
2025-03-17 18:51:41,970 [.NET TP Worker] DEBUG lab3.repository.ParticipantCursaRepository - Incep adaugarea unui participant la cursa cu idCursa 22
2025-03-17 18:51:41,978 [.NET TP Worker] DEBUG lab3.repository.ParticipantCursaRepository - Adaugarea participantului cu id 6 la cursa cu idCursa 22 s-a realizat cu succes.
2025-03-17 18:51:41,978 [.NET TP Worker] DEBUG lab3.repository.ParticipantCursaRepository - Incep cautarea participantilor pentru cursa cu id 22
2025-03-17 18:51:41,980 [.NET TP Worker] ERROR lab3.repository.ParticipantCursaRepository - Eroare la cautarea participantilor pentru cursa cu id 22
Microsoft.Data.Sqlite.SqliteException (0x80004005): SQLite Error 1: 'no such column: p.capacitateMotor'.
   at Microsoft.Data.Sqlite.SqliteException.ThrowExceptionForRC(Int32 rc, sqlite3 db)
   at Microsoft.Data.Sqlite.SqliteCommand.PrepareAndEnumerateStatements()+MoveNext()
   at Microsoft.Data.Sqlite.SqliteCommand.GetStatements()+MoveNext()
   at Microsoft.Data.Sqlite.SqliteDataReader.NextResult()
   at Microsoft.Data.Sqlite.SqliteCommand.ExecuteReader(CommandBehavior behavior)
   at Microsoft.Data.Sqlite.SqliteCommand.ExecuteReader()
   at lab3.repository.ParticipantCursaRepository.FindByCursa(Cursa cursa) in C:\Users\ungur\OneDrive\Desktop\facultate_materiale\AN_2\SEM_2\mpp\teme\csharp_projects\lab3\repository\ParticipantCursaRepository.cs:line 34
2025-03-17 18:51:42,008 [.NET TP Worker] DEBUG lab3.repository.UtilizatorRepository - Incep adaugarea utilizatorului: Utilizator Test
2025-03-17 18:51:42,016 [.NET TP Worker] DEBUG lab3.repository.UtilizatorRepository - Utilizatorul Utilizator Test a fost adaugat cu succes.
2025-03-17 18:51:42,016 [.NET TP Worker] DEBUG lab3.Tests.RepositoryTest - Utilizatorul a fost adăugat: 21
2025-03-17 18:51:42,017 [.NET TP Worker] DEBUG lab3.repository.UtilizatorRepository - Incep modificarea utilizatorului cu idUtilizator 21
2025-03-17 18:51:42,023 [.NET TP Worker] DEBUG lab3.repository.UtilizatorRepository - Utilizatorul cu idUtilizator 21 a fost modificat cu succes.
2025-03-17 18:51:42,024 [.NET TP Worker] DEBUG lab3.repository.UtilizatorRepository - Incep cautarea utilizatorului cu id 21
2025-03-17 18:51:42,024 [.NET TP Worker] DEBUG lab3.repository.UtilizatorRepository - Utilizatorul cu id 21 a fost gasit.
2025-03-17 18:51:42,024 [.NET TP Worker] DEBUG lab3.repository.UtilizatorRepository - Incep cautarea tuturor utilizatorilor.
2025-03-17 18:51:42,024 [.NET TP Worker] DEBUG lab3.repository.UtilizatorRepository - Cautarea tuturor utilizatorilor s-a realizat cu succes.
2025-03-17 18:51:42,024 [.NET TP Worker] DEBUG lab3.repository.UtilizatorRepository - Incep stergerea utilizatorului cu id 21
2025-03-17 18:51:42,031 [.NET TP Worker] DEBUG lab3.repository.UtilizatorRepository - Utilizatorul cu id 21 a fost sters cu succes.
2025-03-17 18:51:42,031 [.NET TP Worker] DEBUG lab3.repository.UtilizatorRepository - Incep cautarea utilizatorului cu id 21
2025-03-17 18:51:42,031 [.NET TP Worker] DEBUG lab3.repository.UtilizatorRepository - Utilizatorul cu id 21 nu a fost gasit.
2025-03-17 18:55:09,190 [.NET TP Worker] DEBUG lab3.repository.CursaRepository - Se adauga o cursa in baza de date.
2025-03-17 18:55:09,227 [.NET TP Worker] DEBUG lab3.repository.CursaRepository - Cursa a fost adaugata cu succes.
2025-03-17 18:55:09,229 [.NET TP Worker] DEBUG lab3.repository.CursaRepository - Se modifica cursa cu id 23
2025-03-17 18:55:09,237 [.NET TP Worker] DEBUG lab3.repository.CursaRepository - Cursa a fost modificata cu succes.
2025-03-17 18:55:09,238 [.NET TP Worker] DEBUG lab3.repository.CursaRepository - Se cauta cursa cu id 23
2025-03-17 18:55:09,239 [.NET TP Worker] DEBUG lab3.repository.CursaRepository - Cursa gasita: Cursa Modificata
2025-03-17 18:55:09,240 [.NET TP Worker] DEBUG lab3.repository.CursaRepository - Se preiau toate cursele din baza de date.
2025-03-17 18:55:09,240 [.NET TP Worker] DEBUG lab3.repository.CursaRepository - S-au preluat 2 curse.
2025-03-17 18:55:09,256 [.NET TP Worker] DEBUG lab3.repository.EchipaRepository - Se adauga o echipa in baza de date.
2025-03-17 18:55:09,264 [.NET TP Worker] DEBUG lab3.repository.EchipaRepository - Echipa a fost adaugata cu succes.
2025-03-17 18:55:09,264 [.NET TP Worker] DEBUG lab3.Tests.RepositoryTest - Echipa a fost adăugată: 28
2025-03-17 18:55:09,264 [.NET TP Worker] DEBUG lab3.repository.EchipaRepository - Se modifica echipa cu id 28
2025-03-17 18:55:09,271 [.NET TP Worker] DEBUG lab3.repository.EchipaRepository - Echipa a fost modificata cu succes.
2025-03-17 18:55:09,271 [.NET TP Worker] DEBUG lab3.repository.EchipaRepository - Se cauta echipa cu id 28
2025-03-17 18:55:09,271 [.NET TP Worker] DEBUG lab3.repository.EchipaRepository - Echipa gasita: Echipa Modificata
2025-03-17 18:55:09,271 [.NET TP Worker] DEBUG lab3.repository.EchipaRepository - Se preiau toate echipele din baza de date.
2025-03-17 18:55:09,272 [.NET TP Worker] DEBUG lab3.repository.EchipaRepository - S-au preluat 2 echipe.
2025-03-17 18:55:09,275 [.NET TP Worker] DEBUG lab3.repository.EchipaRepository - Se adauga o echipa in baza de date.
2025-03-17 18:55:09,282 [.NET TP Worker] DEBUG lab3.repository.EchipaRepository - Echipa a fost adaugata cu succes.
2025-03-17 18:55:09,282 [.NET TP Worker] DEBUG lab3.repository.CursaRepository - Se adauga o cursa in baza de date.
2025-03-17 18:55:09,289 [.NET TP Worker] DEBUG lab3.repository.CursaRepository - Cursa a fost adaugata cu succes.
2025-03-17 18:55:09,290 [.NET TP Worker] DEBUG lab3.repository.ParticipantRepository - Incep adaugarea participantului: Participant Test
2025-03-17 18:55:09,297 [.NET TP Worker] DEBUG lab3.repository.ParticipantRepository - Participantul Participant Test a fost adaugat cu succes.
2025-03-17 18:55:09,297 [.NET TP Worker] DEBUG lab3.repository.ParticipantCursaRepository - Incep adaugarea unui participant la cursa cu idCursa 24
2025-03-17 18:55:09,304 [.NET TP Worker] DEBUG lab3.repository.ParticipantCursaRepository - Adaugarea participantului cu id 7 la cursa cu idCursa 24 s-a realizat cu succes.
2025-03-17 18:55:09,305 [.NET TP Worker] DEBUG lab3.repository.ParticipantCursaRepository - Incep cautarea participantilor pentru cursa cu id 24
2025-03-17 18:55:09,305 [.NET TP Worker] ERROR lab3.repository.ParticipantCursaRepository - Eroare la cautarea participantilor pentru cursa cu id 24
System.ArgumentOutOfRangeException: Exception of type 'System.ArgumentOutOfRangeException' was thrown. (Parameter 'name')
Actual value was capacitateMotor.
   at Microsoft.Data.Sqlite.SqliteDataRecord.GetOrdinal(String name)
   at Microsoft.Data.Sqlite.SqliteDataReader.GetOrdinal(String name)
   at lab3.repository.ParticipantCursaRepository.FindByCursa(Cursa cursa) in C:\Users\ungur\OneDrive\Desktop\facultate_materiale\AN_2\SEM_2\mpp\teme\csharp_projects\lab3\repository\ParticipantCursaRepository.cs:line 41
2025-03-17 18:55:09,309 [.NET TP Worker] DEBUG lab3.repository.UtilizatorRepository - Incep adaugarea utilizatorului: Utilizator Test
2025-03-17 18:55:09,316 [.NET TP Worker] DEBUG lab3.repository.UtilizatorRepository - Utilizatorul Utilizator Test a fost adaugat cu succes.
2025-03-17 18:55:09,316 [.NET TP Worker] DEBUG lab3.Tests.RepositoryTest - Utilizatorul a fost adăugat: 22
2025-03-17 18:55:09,316 [.NET TP Worker] DEBUG lab3.repository.UtilizatorRepository - Incep modificarea utilizatorului cu idUtilizator 22
2025-03-17 18:55:09,323 [.NET TP Worker] DEBUG lab3.repository.UtilizatorRepository - Utilizatorul cu idUtilizator 22 a fost modificat cu succes.
2025-03-17 18:55:09,323 [.NET TP Worker] DEBUG lab3.repository.UtilizatorRepository - Incep cautarea utilizatorului cu id 22
2025-03-17 18:55:09,324 [.NET TP Worker] DEBUG lab3.repository.UtilizatorRepository - Utilizatorul cu id 22 a fost gasit.
2025-03-17 18:55:09,324 [.NET TP Worker] DEBUG lab3.repository.UtilizatorRepository - Incep cautarea tuturor utilizatorilor.
2025-03-17 18:55:09,324 [.NET TP Worker] DEBUG lab3.repository.UtilizatorRepository - Cautarea tuturor utilizatorilor s-a realizat cu succes.
2025-03-17 18:55:09,325 [.NET TP Worker] DEBUG lab3.repository.UtilizatorRepository - Incep stergerea utilizatorului cu id 22
2025-03-17 18:55:09,331 [.NET TP Worker] DEBUG lab3.repository.UtilizatorRepository - Utilizatorul cu id 22 a fost sters cu succes.
2025-03-17 18:55:09,331 [.NET TP Worker] DEBUG lab3.repository.UtilizatorRepository - Incep cautarea utilizatorului cu id 22
2025-03-17 18:55:09,331 [.NET TP Worker] DEBUG lab3.repository.UtilizatorRepository - Utilizatorul cu id 22 nu a fost gasit.
2025-03-17 18:55:40,506 [1] INFO lab3.Program - Aplicatia a fost pornita.
2025-03-17 18:55:40,528 [1] INFO lab3.Program - Conexiune deschisa cu succes.
2025-03-17 18:55:40,529 [1] INFO lab3.Program - Operatiunea s-a incheiat cu succes.
2025-03-17 18:55:44,098 [.NET TP Worker] DEBUG lab3.repository.CursaRepository - Se adauga o cursa in baza de date.
2025-03-17 18:55:44,135 [.NET TP Worker] DEBUG lab3.repository.CursaRepository - Cursa a fost adaugata cu succes.
2025-03-17 18:55:44,136 [.NET TP Worker] DEBUG lab3.repository.CursaRepository - Se modifica cursa cu id 25
2025-03-17 18:55:44,145 [.NET TP Worker] DEBUG lab3.repository.CursaRepository - Cursa a fost modificata cu succes.
2025-03-17 18:55:44,146 [.NET TP Worker] DEBUG lab3.repository.CursaRepository - Se cauta cursa cu id 25
2025-03-17 18:55:44,147 [.NET TP Worker] DEBUG lab3.repository.CursaRepository - Cursa gasita: Cursa Modificata
2025-03-17 18:55:44,148 [.NET TP Worker] DEBUG lab3.repository.CursaRepository - Se preiau toate cursele din baza de date.
2025-03-17 18:55:44,148 [.NET TP Worker] DEBUG lab3.repository.CursaRepository - S-au preluat 1 curse.
2025-03-17 18:55:44,149 [.NET TP Worker] DEBUG lab3.repository.CursaRepository - Se sterge cursa cu id 25
2025-03-17 18:55:44,156 [.NET TP Worker] DEBUG lab3.repository.CursaRepository - Cursa a fost stearsa cu succes.
2025-03-17 18:55:44,156 [.NET TP Worker] DEBUG lab3.repository.CursaRepository - Se cauta cursa cu id 25
2025-03-17 18:55:44,156 [.NET TP Worker] DEBUG lab3.repository.CursaRepository - Cursa nu a fost gasita.
2025-03-17 18:55:44,162 [.NET TP Worker] DEBUG lab3.repository.EchipaRepository - Se adauga o echipa in baza de date.
2025-03-17 18:55:44,169 [.NET TP Worker] DEBUG lab3.repository.EchipaRepository - Echipa a fost adaugata cu succes.
2025-03-17 18:55:44,169 [.NET TP Worker] DEBUG lab3.Tests.RepositoryTest - Echipa a fost adăugată: 30
2025-03-17 18:55:44,169 [.NET TP Worker] DEBUG lab3.repository.EchipaRepository - Se modifica echipa cu id 30
2025-03-17 18:55:44,176 [.NET TP Worker] DEBUG lab3.repository.EchipaRepository - Echipa a fost modificata cu succes.
2025-03-17 18:55:44,176 [.NET TP Worker] DEBUG lab3.repository.EchipaRepository - Se cauta echipa cu id 30
2025-03-17 18:55:44,176 [.NET TP Worker] DEBUG lab3.repository.EchipaRepository - Echipa gasita: Echipa Modificata
2025-03-17 18:55:44,176 [.NET TP Worker] DEBUG lab3.repository.EchipaRepository - Se preiau toate echipele din baza de date.
2025-03-17 18:55:44,176 [.NET TP Worker] DEBUG lab3.repository.EchipaRepository - S-au preluat 1 echipe.
2025-03-17 18:55:44,177 [.NET TP Worker] DEBUG lab3.repository.EchipaRepository - Se sterge echipa cu id 30
2025-03-17 18:55:44,184 [.NET TP Worker] DEBUG lab3.repository.EchipaRepository - Echipa a fost stearsa cu succes.
2025-03-17 18:55:44,184 [.NET TP Worker] DEBUG lab3.repository.EchipaRepository - Se cauta echipa cu id 30
2025-03-17 18:55:44,184 [.NET TP Worker] DEBUG lab3.repository.EchipaRepository - Echipa nu a fost gasita.
2025-03-17 18:55:44,187 [.NET TP Worker] DEBUG lab3.repository.EchipaRepository - Se adauga o echipa in baza de date.
2025-03-17 18:55:44,194 [.NET TP Worker] DEBUG lab3.repository.EchipaRepository - Echipa a fost adaugata cu succes.
2025-03-17 18:55:44,194 [.NET TP Worker] DEBUG lab3.repository.CursaRepository - Se adauga o cursa in baza de date.
2025-03-17 18:55:44,201 [.NET TP Worker] DEBUG lab3.repository.CursaRepository - Cursa a fost adaugata cu succes.
2025-03-17 18:55:44,202 [.NET TP Worker] DEBUG lab3.repository.ParticipantRepository - Incep adaugarea participantului: Participant Test
2025-03-17 18:55:44,211 [.NET TP Worker] DEBUG lab3.repository.ParticipantRepository - Participantul Participant Test a fost adaugat cu succes.
2025-03-17 18:55:44,211 [.NET TP Worker] DEBUG lab3.repository.ParticipantCursaRepository - Incep adaugarea unui participant la cursa cu idCursa 26
2025-03-17 18:55:44,218 [.NET TP Worker] DEBUG lab3.repository.ParticipantCursaRepository - Adaugarea participantului cu id 8 la cursa cu idCursa 26 s-a realizat cu succes.
2025-03-17 18:55:44,218 [.NET TP Worker] DEBUG lab3.repository.ParticipantCursaRepository - Incep cautarea participantilor pentru cursa cu id 26
2025-03-17 18:55:44,219 [.NET TP Worker] ERROR lab3.repository.ParticipantCursaRepository - Eroare la cautarea participantilor pentru cursa cu id 26
System.ArgumentOutOfRangeException: Exception of type 'System.ArgumentOutOfRangeException' was thrown. (Parameter 'name')
Actual value was capacitateMotor.
   at Microsoft.Data.Sqlite.SqliteDataRecord.GetOrdinal(String name)
   at Microsoft.Data.Sqlite.SqliteDataReader.GetOrdinal(String name)
   at lab3.repository.ParticipantCursaRepository.FindByCursa(Cursa cursa) in C:\Users\ungur\OneDrive\Desktop\facultate_materiale\AN_2\SEM_2\mpp\teme\csharp_projects\lab3\repository\ParticipantCursaRepository.cs:line 41
2025-03-17 18:55:44,233 [.NET TP Worker] DEBUG lab3.repository.UtilizatorRepository - Incep adaugarea utilizatorului: Utilizator Test
2025-03-17 18:55:44,240 [.NET TP Worker] DEBUG lab3.repository.UtilizatorRepository - Utilizatorul Utilizator Test a fost adaugat cu succes.
2025-03-17 18:55:44,240 [.NET TP Worker] DEBUG lab3.Tests.RepositoryTest - Utilizatorul a fost adăugat: 23
2025-03-17 18:55:44,240 [.NET TP Worker] DEBUG lab3.repository.UtilizatorRepository - Incep modificarea utilizatorului cu idUtilizator 23
2025-03-17 18:55:44,247 [.NET TP Worker] DEBUG lab3.repository.UtilizatorRepository - Utilizatorul cu idUtilizator 23 a fost modificat cu succes.
2025-03-17 18:55:44,247 [.NET TP Worker] DEBUG lab3.repository.UtilizatorRepository - Incep cautarea utilizatorului cu id 23
2025-03-17 18:55:44,248 [.NET TP Worker] DEBUG lab3.repository.UtilizatorRepository - Utilizatorul cu id 23 a fost gasit.
2025-03-17 18:55:44,248 [.NET TP Worker] DEBUG lab3.repository.UtilizatorRepository - Incep cautarea tuturor utilizatorilor.
2025-03-17 18:55:44,248 [.NET TP Worker] DEBUG lab3.repository.UtilizatorRepository - Cautarea tuturor utilizatorilor s-a realizat cu succes.
2025-03-17 18:55:44,248 [.NET TP Worker] DEBUG lab3.repository.UtilizatorRepository - Incep stergerea utilizatorului cu id 23
2025-03-17 18:55:44,255 [.NET TP Worker] DEBUG lab3.repository.UtilizatorRepository - Utilizatorul cu id 23 a fost sters cu succes.
2025-03-17 18:55:44,255 [.NET TP Worker] DEBUG lab3.repository.UtilizatorRepository - Incep cautarea utilizatorului cu id 23
2025-03-17 18:55:44,255 [.NET TP Worker] DEBUG lab3.repository.UtilizatorRepository - Utilizatorul cu id 23 nu a fost gasit.
2025-03-17 18:58:25,507 [.NET TP Worker] DEBUG lab3.repository.CursaRepository - Se adauga o cursa in baza de date.
2025-03-17 18:58:25,538 [.NET TP Worker] DEBUG lab3.repository.CursaRepository - Cursa a fost adaugata cu succes.
2025-03-17 18:58:25,540 [.NET TP Worker] DEBUG lab3.repository.CursaRepository - Se modifica cursa cu id 27
2025-03-17 18:58:25,547 [.NET TP Worker] DEBUG lab3.repository.CursaRepository - Cursa a fost modificata cu succes.
2025-03-17 18:58:25,548 [.NET TP Worker] DEBUG lab3.repository.CursaRepository - Se cauta cursa cu id 27
2025-03-17 18:58:25,549 [.NET TP Worker] DEBUG lab3.repository.CursaRepository - Cursa gasita: Cursa Modificata
2025-03-17 18:58:25,550 [.NET TP Worker] DEBUG lab3.repository.CursaRepository - Se preiau toate cursele din baza de date.
2025-03-17 18:58:25,550 [.NET TP Worker] DEBUG lab3.repository.CursaRepository - S-au preluat 1 curse.
2025-03-17 18:58:25,552 [.NET TP Worker] DEBUG lab3.repository.CursaRepository - Se sterge cursa cu id 27
2025-03-17 18:58:25,559 [.NET TP Worker] DEBUG lab3.repository.CursaRepository - Cursa a fost stearsa cu succes.
2025-03-17 18:58:25,559 [.NET TP Worker] DEBUG lab3.repository.CursaRepository - Se cauta cursa cu id 27
2025-03-17 18:58:25,559 [.NET TP Worker] DEBUG lab3.repository.CursaRepository - Cursa nu a fost gasita.
2025-03-17 18:58:25,573 [.NET TP Worker] DEBUG lab3.repository.EchipaRepository - Se adauga o echipa in baza de date.
2025-03-17 18:58:25,583 [.NET TP Worker] DEBUG lab3.repository.EchipaRepository - Echipa a fost adaugata cu succes.
2025-03-17 18:58:25,584 [.NET TP Worker] DEBUG lab3.Tests.RepositoryTest - Echipa a fost adăugată: 32
2025-03-17 18:58:25,584 [.NET TP Worker] DEBUG lab3.repository.EchipaRepository - Se modifica echipa cu id 32
2025-03-17 18:58:25,593 [.NET TP Worker] DEBUG lab3.repository.EchipaRepository - Echipa a fost modificata cu succes.
2025-03-17 18:58:25,594 [.NET TP Worker] DEBUG lab3.repository.EchipaRepository - Se cauta echipa cu id 32
2025-03-17 18:58:25,594 [.NET TP Worker] DEBUG lab3.repository.EchipaRepository - Echipa gasita: Echipa Modificata
2025-03-17 18:58:25,595 [.NET TP Worker] DEBUG lab3.repository.EchipaRepository - Se preiau toate echipele din baza de date.
2025-03-17 18:58:25,596 [.NET TP Worker] DEBUG lab3.repository.EchipaRepository - S-au preluat 1 echipe.
2025-03-17 18:58:25,597 [.NET TP Worker] DEBUG lab3.repository.EchipaRepository - Se sterge echipa cu id 32
2025-03-17 18:58:25,605 [.NET TP Worker] DEBUG lab3.repository.EchipaRepository - Echipa a fost stearsa cu succes.
2025-03-17 18:58:25,605 [.NET TP Worker] DEBUG lab3.repository.EchipaRepository - Se cauta echipa cu id 32
2025-03-17 18:58:25,605 [.NET TP Worker] DEBUG lab3.repository.EchipaRepository - Echipa nu a fost gasita.
2025-03-17 18:58:25,609 [.NET TP Worker] DEBUG lab3.repository.EchipaRepository - Se adauga o echipa in baza de date.
2025-03-17 18:58:25,617 [.NET TP Worker] DEBUG lab3.repository.EchipaRepository - Echipa a fost adaugata cu succes.
2025-03-17 18:58:25,617 [.NET TP Worker] DEBUG lab3.repository.CursaRepository - Se adauga o cursa in baza de date.
2025-03-17 18:58:25,623 [.NET TP Worker] DEBUG lab3.repository.CursaRepository - Cursa a fost adaugata cu succes.
2025-03-17 18:58:25,624 [.NET TP Worker] DEBUG lab3.repository.ParticipantRepository - Incep adaugarea participantului: Participant Test
2025-03-17 18:58:25,631 [.NET TP Worker] DEBUG lab3.repository.ParticipantRepository - Participantul Participant Test a fost adaugat cu succes.
2025-03-17 18:58:25,631 [.NET TP Worker] DEBUG lab3.repository.ParticipantCursaRepository - Incep adaugarea unui participant la cursa cu idCursa 28
2025-03-17 18:58:25,639 [.NET TP Worker] DEBUG lab3.repository.ParticipantCursaRepository - Adaugarea participantului cu id 9 la cursa cu idCursa 28 s-a realizat cu succes.
2025-03-17 18:58:25,639 [.NET TP Worker] DEBUG lab3.repository.ParticipantCursaRepository - Incep cautarea participantilor pentru cursa cu id 28
2025-03-17 18:58:25,640 [.NET TP Worker] DEBUG lab3.repository.ParticipantCursaRepository - Cautarea participantilor pentru cursa cu id 28 s-a incheiat cu succes.
2025-03-17 18:58:25,642 [.NET TP Worker] DEBUG lab3.repository.ParticipantCursaRepository - Incep cautarea curselor pentru participantul cu id 9
2025-03-17 18:58:25,642 [.NET TP Worker] DEBUG lab3.repository.ParticipantCursaRepository - Cautarea curselor pentru participantul cu id 9 s-a incheiat cu succes.
2025-03-17 18:58:25,642 [.NET TP Worker] DEBUG lab3.repository.ParticipantCursaRepository - Incep stergerea participantului cu id 9
2025-03-17 18:58:25,649 [.NET TP Worker] DEBUG lab3.repository.ParticipantCursaRepository - Stergerea participantului cu id 9 s-a realizat cu succes.
2025-03-17 18:58:25,649 [.NET TP Worker] DEBUG lab3.repository.ParticipantCursaRepository - Incep cautarea participantilor pentru cursa cu id 28
2025-03-17 18:58:25,649 [.NET TP Worker] DEBUG lab3.repository.ParticipantCursaRepository - Cautarea participantilor pentru cursa cu id 28 s-a incheiat cu succes.
2025-03-17 18:58:25,650 [.NET TP Worker] DEBUG lab3.repository.ParticipantRepository - Incep stergerea participantului cu id 9
2025-03-17 18:58:25,658 [.NET TP Worker] DEBUG lab3.repository.ParticipantRepository - Participantul cu id 9 a fost sters cu succes.
2025-03-17 18:58:25,658 [.NET TP Worker] DEBUG lab3.repository.EchipaRepository - Se sterge echipa cu id 33
2025-03-17 18:58:25,664 [.NET TP Worker] DEBUG lab3.repository.EchipaRepository - Echipa a fost stearsa cu succes.
2025-03-17 18:58:25,664 [.NET TP Worker] DEBUG lab3.repository.CursaRepository - Se sterge cursa cu id 28
2025-03-17 18:58:25,671 [.NET TP Worker] DEBUG lab3.repository.CursaRepository - Cursa a fost stearsa cu succes.
2025-03-17 18:58:25,673 [.NET TP Worker] DEBUG lab3.repository.UtilizatorRepository - Incep adaugarea utilizatorului: Utilizator Test
2025-03-17 18:58:25,680 [.NET TP Worker] DEBUG lab3.repository.UtilizatorRepository - Utilizatorul Utilizator Test a fost adaugat cu succes.
2025-03-17 18:58:25,681 [.NET TP Worker] DEBUG lab3.Tests.RepositoryTest - Utilizatorul a fost adăugat: 24
2025-03-17 18:58:25,681 [.NET TP Worker] DEBUG lab3.repository.UtilizatorRepository - Incep modificarea utilizatorului cu idUtilizator 24
2025-03-17 18:58:25,687 [.NET TP Worker] DEBUG lab3.repository.UtilizatorRepository - Utilizatorul cu idUtilizator 24 a fost modificat cu succes.
2025-03-17 18:58:25,688 [.NET TP Worker] DEBUG lab3.repository.UtilizatorRepository - Incep cautarea utilizatorului cu id 24
2025-03-17 18:58:25,688 [.NET TP Worker] DEBUG lab3.repository.UtilizatorRepository - Utilizatorul cu id 24 a fost gasit.
2025-03-17 18:58:25,688 [.NET TP Worker] DEBUG lab3.repository.UtilizatorRepository - Incep cautarea tuturor utilizatorilor.
2025-03-17 18:58:25,688 [.NET TP Worker] DEBUG lab3.repository.UtilizatorRepository - Cautarea tuturor utilizatorilor s-a realizat cu succes.
2025-03-17 18:58:25,689 [.NET TP Worker] DEBUG lab3.repository.UtilizatorRepository - Incep stergerea utilizatorului cu id 24
2025-03-17 18:58:25,696 [.NET TP Worker] DEBUG lab3.repository.UtilizatorRepository - Utilizatorul cu id 24 a fost sters cu succes.
2025-03-17 18:58:25,696 [.NET TP Worker] DEBUG lab3.repository.UtilizatorRepository - Incep cautarea utilizatorului cu id 24
2025-03-17 18:58:25,696 [.NET TP Worker] DEBUG lab3.repository.UtilizatorRepository - Utilizatorul cu id 24 nu a fost gasit.
2025-03-24 15:28:57,057 [1] INFO lab3.Program - Aplicatia a fost pornita.
2025-03-24 15:28:57,316 [1] INFO lab3.Program - Conexiune deschisa cu succes.
2025-03-24 15:28:57,318 [1] INFO lab3.Program - Operatiunea s-a incheiat cu succes.
2025-03-24 15:29:15,669 [.NET TP Worker] DEBUG lab3.repository.CursaRepository - Se adauga o cursa in baza de date.
2025-03-24 15:29:15,700 [.NET TP Worker] DEBUG lab3.repository.CursaRepository - Cursa a fost adaugata cu succes.
2025-03-24 15:29:15,702 [.NET TP Worker] DEBUG lab3.repository.CursaRepository - Se modifica cursa cu id 29
2025-03-24 15:29:15,710 [.NET TP Worker] DEBUG lab3.repository.CursaRepository - Cursa a fost modificata cu succes.
2025-03-24 15:29:15,711 [.NET TP Worker] DEBUG lab3.repository.CursaRepository - Se cauta cursa cu id 29
2025-03-24 15:29:15,712 [.NET TP Worker] DEBUG lab3.repository.CursaRepository - Cursa gasita: Cursa Modificata
2025-03-24 15:29:15,713 [.NET TP Worker] DEBUG lab3.repository.CursaRepository - Se preiau toate cursele din baza de date.
2025-03-24 15:29:15,713 [.NET TP Worker] DEBUG lab3.repository.CursaRepository - S-au preluat 1 curse.
2025-03-24 15:29:15,714 [.NET TP Worker] DEBUG lab3.repository.CursaRepository - Se sterge cursa cu id 29
2025-03-24 15:29:15,722 [.NET TP Worker] DEBUG lab3.repository.CursaRepository - Cursa a fost stearsa cu succes.
2025-03-24 15:29:15,723 [.NET TP Worker] DEBUG lab3.repository.CursaRepository - Se cauta cursa cu id 29
2025-03-24 15:29:15,723 [.NET TP Worker] DEBUG lab3.repository.CursaRepository - Cursa nu a fost gasita.
2025-03-24 15:29:15,729 [.NET TP Worker] DEBUG lab3.repository.EchipaRepository - Se adauga o echipa in baza de date.
2025-03-24 15:29:15,736 [.NET TP Worker] DEBUG lab3.repository.EchipaRepository - Echipa a fost adaugata cu succes.
2025-03-24 15:29:15,737 [.NET TP Worker] DEBUG lab3.Tests.RepositoryTest - Echipa a fost adăugată: 34
2025-03-24 15:29:15,737 [.NET TP Worker] DEBUG lab3.repository.EchipaRepository - Se modifica echipa cu id 34
2025-03-24 15:29:15,744 [.NET TP Worker] DEBUG lab3.repository.EchipaRepository - Echipa a fost modificata cu succes.
2025-03-24 15:29:15,745 [.NET TP Worker] DEBUG lab3.repository.EchipaRepository - Se cauta echipa cu id 34
2025-03-24 15:29:15,745 [.NET TP Worker] DEBUG lab3.repository.EchipaRepository - Echipa gasita: Echipa Modificata
2025-03-24 15:29:15,745 [.NET TP Worker] DEBUG lab3.repository.EchipaRepository - Se preiau toate echipele din baza de date.
2025-03-24 15:29:15,746 [.NET TP Worker] DEBUG lab3.repository.EchipaRepository - S-au preluat 1 echipe.
2025-03-24 15:29:15,746 [.NET TP Worker] DEBUG lab3.repository.EchipaRepository - Se sterge echipa cu id 34
2025-03-24 15:29:15,754 [.NET TP Worker] DEBUG lab3.repository.EchipaRepository - Echipa a fost stearsa cu succes.
2025-03-24 15:29:15,754 [.NET TP Worker] DEBUG lab3.repository.EchipaRepository - Se cauta echipa cu id 34
2025-03-24 15:29:15,754 [.NET TP Worker] DEBUG lab3.repository.EchipaRepository - Echipa nu a fost gasita.
2025-03-24 15:29:15,757 [.NET TP Worker] DEBUG lab3.repository.EchipaRepository - Se adauga o echipa in baza de date.
2025-03-24 15:29:15,765 [.NET TP Worker] DEBUG lab3.repository.EchipaRepository - Echipa a fost adaugata cu succes.
2025-03-24 15:29:15,765 [.NET TP Worker] DEBUG lab3.repository.CursaRepository - Se adauga o cursa in baza de date.
2025-03-24 15:29:15,776 [.NET TP Worker] DEBUG lab3.repository.CursaRepository - Cursa a fost adaugata cu succes.
2025-03-24 15:29:15,777 [.NET TP Worker] DEBUG lab3.repository.ParticipantRepository - Incep adaugarea participantului: Participant Test
2025-03-24 15:29:15,785 [.NET TP Worker] DEBUG lab3.repository.ParticipantRepository - Participantul Participant Test a fost adaugat cu succes.
2025-03-24 15:29:15,786 [.NET TP Worker] DEBUG lab3.repository.ParticipantCursaRepository - Incep adaugarea unui participant la cursa cu idCursa 30
2025-03-24 15:29:15,794 [.NET TP Worker] DEBUG lab3.repository.ParticipantCursaRepository - Adaugarea participantului cu id 10 la cursa cu idCursa 30 s-a realizat cu succes.
2025-03-24 15:29:15,794 [.NET TP Worker] DEBUG lab3.repository.ParticipantCursaRepository - Incep cautarea participantilor pentru cursa cu id 30
2025-03-24 15:29:15,795 [.NET TP Worker] DEBUG lab3.repository.ParticipantCursaRepository - Cautarea participantilor pentru cursa cu id 30 s-a incheiat cu succes.
2025-03-24 15:29:15,797 [.NET TP Worker] DEBUG lab3.repository.ParticipantCursaRepository - Incep cautarea curselor pentru participantul cu id 10
2025-03-24 15:29:15,798 [.NET TP Worker] DEBUG lab3.repository.ParticipantCursaRepository - Cautarea curselor pentru participantul cu id 10 s-a incheiat cu succes.
2025-03-24 15:29:15,798 [.NET TP Worker] DEBUG lab3.repository.ParticipantCursaRepository - Incep stergerea participantului cu id 10
2025-03-24 15:29:15,806 [.NET TP Worker] DEBUG lab3.repository.ParticipantCursaRepository - Stergerea participantului cu id 10 s-a realizat cu succes.
2025-03-24 15:29:15,806 [.NET TP Worker] DEBUG lab3.repository.ParticipantCursaRepository - Incep cautarea participantilor pentru cursa cu id 30
2025-03-24 15:29:15,806 [.NET TP Worker] DEBUG lab3.repository.ParticipantCursaRepository - Cautarea participantilor pentru cursa cu id 30 s-a incheiat cu succes.
2025-03-24 15:29:15,807 [.NET TP Worker] DEBUG lab3.repository.ParticipantRepository - Incep stergerea participantului cu id 10
2025-03-24 15:29:15,814 [.NET TP Worker] DEBUG lab3.repository.ParticipantRepository - Participantul cu id 10 a fost sters cu succes.
2025-03-24 15:29:15,814 [.NET TP Worker] DEBUG lab3.repository.EchipaRepository - Se sterge echipa cu id 35
2025-03-24 15:29:15,821 [.NET TP Worker] DEBUG lab3.repository.EchipaRepository - Echipa a fost stearsa cu succes.
2025-03-24 15:29:15,821 [.NET TP Worker] DEBUG lab3.repository.CursaRepository - Se sterge cursa cu id 30
2025-03-24 15:29:15,831 [.NET TP Worker] DEBUG lab3.repository.CursaRepository - Cursa a fost stearsa cu succes.
2025-03-24 15:29:15,833 [.NET TP Worker] DEBUG lab3.repository.UtilizatorRepository - Incep adaugarea utilizatorului: Utilizator Test
2025-03-24 15:29:15,842 [.NET TP Worker] DEBUG lab3.repository.UtilizatorRepository - Utilizatorul Utilizator Test a fost adaugat cu succes.
2025-03-24 15:29:15,842 [.NET TP Worker] DEBUG lab3.Tests.RepositoryTest - Utilizatorul a fost adăugat: 25
2025-03-24 15:29:15,843 [.NET TP Worker] DEBUG lab3.repository.UtilizatorRepository - Incep modificarea utilizatorului cu idUtilizator 25
2025-03-24 15:29:15,851 [.NET TP Worker] DEBUG lab3.repository.UtilizatorRepository - Utilizatorul cu idUtilizator 25 a fost modificat cu succes.
2025-03-24 15:29:15,852 [.NET TP Worker] DEBUG lab3.repository.UtilizatorRepository - Incep cautarea utilizatorului cu id 25
2025-03-24 15:29:15,852 [.NET TP Worker] DEBUG lab3.repository.UtilizatorRepository - Utilizatorul cu id 25 a fost gasit.
2025-03-24 15:29:15,852 [.NET TP Worker] DEBUG lab3.repository.UtilizatorRepository - Incep cautarea tuturor utilizatorilor.
2025-03-24 15:29:15,853 [.NET TP Worker] DEBUG lab3.repository.UtilizatorRepository - Cautarea tuturor utilizatorilor s-a realizat cu succes.
2025-03-24 15:29:15,853 [.NET TP Worker] DEBUG lab3.repository.UtilizatorRepository - Incep stergerea utilizatorului cu id 25
2025-03-24 15:29:15,861 [.NET TP Worker] DEBUG lab3.repository.UtilizatorRepository - Utilizatorul cu id 25 a fost sters cu succes.
2025-03-24 15:29:15,861 [.NET TP Worker] DEBUG lab3.repository.UtilizatorRepository - Incep cautarea utilizatorului cu id 25
2025-03-24 15:29:15,861 [.NET TP Worker] DEBUG lab3.repository.UtilizatorRepository - Utilizatorul cu id 25 nu a fost gasit.
2025-03-24 16:49:26,586 [1] INFO lab3.Program - Aplicatia a fost pornita.
2025-03-24 16:49:26,613 [1] INFO lab3.Program - Conexiune deschisa cu succes.
2025-03-24 16:49:26,615 [1] INFO lab3.Program - Operatiunea s-a incheiat cu succes.
2025-03-24 16:49:37,797 [.NET TP Worker] DEBUG lab3.repository.CursaRepository - Se adauga o cursa in baza de date.
2025-03-24 16:49:37,831 [.NET TP Worker] DEBUG lab3.repository.CursaRepository - Cursa a fost adaugata cu succes.
2025-03-24 16:49:37,832 [.NET TP Worker] DEBUG lab3.repository.CursaRepository - Se modifica cursa cu id 31
2025-03-24 16:49:37,839 [.NET TP Worker] DEBUG lab3.repository.CursaRepository - Cursa a fost modificata cu succes.
2025-03-24 16:49:37,839 [.NET TP Worker] DEBUG lab3.repository.CursaRepository - Se cauta cursa cu id 31
2025-03-24 16:49:37,841 [.NET TP Worker] DEBUG lab3.repository.CursaRepository - Cursa gasita: Cursa Modificata
2025-03-24 16:49:37,842 [.NET TP Worker] DEBUG lab3.repository.CursaRepository - Se preiau toate cursele din baza de date.
2025-03-24 16:49:37,842 [.NET TP Worker] DEBUG lab3.repository.CursaRepository - S-au preluat 1 curse.
2025-03-24 16:49:37,844 [.NET TP Worker] DEBUG lab3.repository.CursaRepository - Se sterge cursa cu id 31
2025-03-24 16:49:37,851 [.NET TP Worker] DEBUG lab3.repository.CursaRepository - Cursa a fost stearsa cu succes.
2025-03-24 16:49:37,851 [.NET TP Worker] DEBUG lab3.repository.CursaRepository - Se cauta cursa cu id 31
2025-03-24 16:49:37,851 [.NET TP Worker] DEBUG lab3.repository.CursaRepository - Cursa nu a fost gasita.
2025-03-24 16:49:37,858 [.NET TP Worker] DEBUG lab3.repository.EchipaRepository - Se adauga o echipa in baza de date.
2025-03-24 16:49:37,865 [.NET TP Worker] DEBUG lab3.repository.EchipaRepository - Echipa a fost adaugata cu succes.
2025-03-24 16:49:37,865 [.NET TP Worker] DEBUG lab3.Tests.RepositoryTest - Echipa a fost adăugată: 36
2025-03-24 16:49:37,866 [.NET TP Worker] DEBUG lab3.repository.EchipaRepository - Se modifica echipa cu id 36
2025-03-24 16:49:37,873 [.NET TP Worker] DEBUG lab3.repository.EchipaRepository - Echipa a fost modificata cu succes.
2025-03-24 16:49:37,873 [.NET TP Worker] DEBUG lab3.repository.EchipaRepository - Se cauta echipa cu id 36
2025-03-24 16:49:37,873 [.NET TP Worker] DEBUG lab3.repository.EchipaRepository - Echipa gasita: Echipa Modificata
2025-03-24 16:49:37,874 [.NET TP Worker] DEBUG lab3.repository.EchipaRepository - Se preiau toate echipele din baza de date.
2025-03-24 16:49:37,874 [.NET TP Worker] DEBUG lab3.repository.EchipaRepository - S-au preluat 1 echipe.
2025-03-24 16:49:37,874 [.NET TP Worker] DEBUG lab3.repository.EchipaRepository - Se sterge echipa cu id 36
2025-03-24 16:49:37,881 [.NET TP Worker] DEBUG lab3.repository.EchipaRepository - Echipa a fost stearsa cu succes.
2025-03-24 16:49:37,882 [.NET TP Worker] DEBUG lab3.repository.EchipaRepository - Se cauta echipa cu id 36
2025-03-24 16:49:37,882 [.NET TP Worker] DEBUG lab3.repository.EchipaRepository - Echipa nu a fost gasita.
2025-03-24 16:49:37,886 [.NET TP Worker] DEBUG lab3.repository.EchipaRepository - Se adauga o echipa in baza de date.
2025-03-24 16:49:37,893 [.NET TP Worker] DEBUG lab3.repository.EchipaRepository - Echipa a fost adaugata cu succes.
2025-03-24 16:49:37,893 [.NET TP Worker] DEBUG lab3.repository.CursaRepository - Se adauga o cursa in baza de date.
2025-03-24 16:49:37,899 [.NET TP Worker] DEBUG lab3.repository.CursaRepository - Cursa a fost adaugata cu succes.
2025-03-24 16:49:37,900 [.NET TP Worker] DEBUG lab3.repository.ParticipantRepository - Incep adaugarea participantului: Participant Test
2025-03-24 16:49:37,907 [.NET TP Worker] DEBUG lab3.repository.ParticipantRepository - Participantul Participant Test a fost adaugat cu succes.
2025-03-24 16:49:37,908 [.NET TP Worker] DEBUG lab3.repository.ParticipantCursaRepository - Incep adaugarea unui participant la cursa cu idCursa 32
2025-03-24 16:49:37,915 [.NET TP Worker] DEBUG lab3.repository.ParticipantCursaRepository - Adaugarea participantului cu id 11 la cursa cu idCursa 32 s-a realizat cu succes.
2025-03-24 16:49:37,915 [.NET TP Worker] DEBUG lab3.repository.ParticipantCursaRepository - Incep cautarea participantilor pentru cursa cu id 32
2025-03-24 16:49:37,915 [.NET TP Worker] DEBUG lab3.repository.ParticipantCursaRepository - Cautarea participantilor pentru cursa cu id 32 s-a incheiat cu succes.
2025-03-24 16:49:37,917 [.NET TP Worker] DEBUG lab3.repository.ParticipantCursaRepository - Incep cautarea curselor pentru participantul cu id 11
2025-03-24 16:49:37,917 [.NET TP Worker] DEBUG lab3.repository.ParticipantCursaRepository - Cautarea curselor pentru participantul cu id 11 s-a incheiat cu succes.
2025-03-24 16:49:37,918 [.NET TP Worker] DEBUG lab3.repository.ParticipantCursaRepository - Incep stergerea participantului cu id 11
2025-03-24 16:49:37,925 [.NET TP Worker] DEBUG lab3.repository.ParticipantCursaRepository - Stergerea participantului cu id 11 s-a realizat cu succes.
2025-03-24 16:49:37,925 [.NET TP Worker] DEBUG lab3.repository.ParticipantCursaRepository - Incep cautarea participantilor pentru cursa cu id 32
2025-03-24 16:49:37,925 [.NET TP Worker] DEBUG lab3.repository.ParticipantCursaRepository - Cautarea participantilor pentru cursa cu id 32 s-a incheiat cu succes.
2025-03-24 16:49:37,925 [.NET TP Worker] DEBUG lab3.repository.ParticipantRepository - Incep stergerea participantului cu id 11
2025-03-24 16:49:37,932 [.NET TP Worker] DEBUG lab3.repository.ParticipantRepository - Participantul cu id 11 a fost sters cu succes.
2025-03-24 16:49:37,932 [.NET TP Worker] DEBUG lab3.repository.EchipaRepository - Se sterge echipa cu id 37
2025-03-24 16:49:37,940 [.NET TP Worker] DEBUG lab3.repository.EchipaRepository - Echipa a fost stearsa cu succes.
2025-03-24 16:49:37,940 [.NET TP Worker] DEBUG lab3.repository.CursaRepository - Se sterge cursa cu id 32
2025-03-24 16:49:37,947 [.NET TP Worker] DEBUG lab3.repository.CursaRepository - Cursa a fost stearsa cu succes.
2025-03-24 16:49:37,949 [.NET TP Worker] DEBUG lab3.repository.UtilizatorRepository - Incep adaugarea utilizatorului: Utilizator Test
2025-03-24 16:49:37,956 [.NET TP Worker] DEBUG lab3.repository.UtilizatorRepository - Utilizatorul Utilizator Test a fost adaugat cu succes.
2025-03-24 16:49:37,957 [.NET TP Worker] DEBUG lab3.Tests.RepositoryTest - Utilizatorul a fost adăugat: 26
2025-03-24 16:49:37,957 [.NET TP Worker] DEBUG lab3.repository.UtilizatorRepository - Incep modificarea utilizatorului cu idUtilizator 26
2025-03-24 16:49:37,964 [.NET TP Worker] DEBUG lab3.repository.UtilizatorRepository - Utilizatorul cu idUtilizator 26 a fost modificat cu succes.
2025-03-24 16:49:37,964 [.NET TP Worker] DEBUG lab3.repository.UtilizatorRepository - Incep cautarea utilizatorului cu id 26
2025-03-24 16:49:37,964 [.NET TP Worker] DEBUG lab3.repository.UtilizatorRepository - Utilizatorul cu id 26 a fost gasit.
2025-03-24 16:49:37,964 [.NET TP Worker] DEBUG lab3.repository.UtilizatorRepository - Incep cautarea tuturor utilizatorilor.
2025-03-24 16:49:37,965 [.NET TP Worker] DEBUG lab3.repository.UtilizatorRepository - Cautarea tuturor utilizatorilor s-a realizat cu succes.
2025-03-24 16:49:37,965 [.NET TP Worker] DEBUG lab3.repository.UtilizatorRepository - Incep stergerea utilizatorului cu id 26
2025-03-24 16:49:37,972 [.NET TP Worker] DEBUG lab3.repository.UtilizatorRepository - Utilizatorul cu id 26 a fost sters cu succes.
2025-03-24 16:49:37,972 [.NET TP Worker] DEBUG lab3.repository.UtilizatorRepository - Incep cautarea utilizatorului cu id 26
2025-03-24 16:49:37,972 [.NET TP Worker] DEBUG lab3.repository.UtilizatorRepository - Utilizatorul cu id 26 nu a fost gasit.
