c:\users\ungur\onedrive\desktop\sem 2\oop\lab\5\lab5\x64\debug\vc143.pdb
c:\users\ungur\onedrive\desktop\sem 2\oop\lab\5\lab5\x64\debug\vc143.idb
c:\users\ungur\onedrive\desktop\sem 2\oop\lab\5\lab5\x64\debug\ui.obj
c:\users\ungur\onedrive\desktop\sem 2\oop\lab\5\lab5\x64\debug\domain.obj
c:\users\ungur\onedrive\desktop\sem 2\oop\lab\5\lab5\x64\debug\array.obj
c:\users\ungur\onedrive\desktop\sem 2\oop\lab\5\lab5\x64\debug\validator.obj
c:\users\ungur\onedrive\desktop\sem 2\oop\lab\5\lab5\x64\debug\controller.obj
c:\users\ungur\onedrive\desktop\sem 2\oop\lab\5\x64\debug\lab5.lib
c:\users\ungur\onedrive\desktop\sem 2\oop\lab\5\x64\debug\lab5.exp
c:\users\ungur\onedrive\desktop\sem 2\oop\lab\5\lab5\x64\debug\lab5.ilk
c:\users\ungur\onedrive\desktop\sem 2\oop\lab\5\lab5\x64\debug\main.obj
c:\users\ungur\onedrive\desktop\sem 2\oop\lab\5\lab5\x64\debug\repository.obj
c:\users\ungur\onedrive\desktop\sem 2\oop\lab\5\lab5\x64\debug\array.obj.enc
c:\users\ungur\onedrive\desktop\sem 2\oop\lab\5\lab5\x64\debug\controller.obj.enc
c:\users\ungur\onedrive\desktop\sem 2\oop\lab\5\lab5\x64\debug\ui.obj.enc
c:\users\ungur\onedrive\desktop\sem 2\oop\lab\5\x64\debug\lab5.pdb
c:\users\ungur\onedrive\desktop\sem 2\oop\lab\5\lab5\x64\debug\lab5.tlog\cl.command.1.tlog
c:\users\ungur\onedrive\desktop\sem 2\oop\lab\5\lab5\x64\debug\lab5.tlog\cl.items.tlog
c:\users\ungur\onedrive\desktop\sem 2\oop\lab\5\lab5\x64\debug\lab5.tlog\cl.read.1.tlog
c:\users\ungur\onedrive\desktop\sem 2\oop\lab\5\lab5\x64\debug\lab5.tlog\cl.write.1.tlog
c:\users\ungur\onedrive\desktop\sem 2\oop\lab\5\lab5\x64\debug\lab5.tlog\link.12496-cvtres.read.1.tlog
c:\users\ungur\onedrive\desktop\sem 2\oop\lab\5\lab5\x64\debug\lab5.tlog\link.12496-cvtres.write.1.tlog
c:\users\ungur\onedrive\desktop\sem 2\oop\lab\5\lab5\x64\debug\lab5.tlog\link.12496-rc.read.1.tlog
c:\users\ungur\onedrive\desktop\sem 2\oop\lab\5\lab5\x64\debug\lab5.tlog\link.12496-rc.write.1.tlog
c:\users\ungur\onedrive\desktop\sem 2\oop\lab\5\lab5\x64\debug\lab5.tlog\link.12496.read.1.tlog
c:\users\ungur\onedrive\desktop\sem 2\oop\lab\5\lab5\x64\debug\lab5.tlog\link.12496.read.2.tlog
c:\users\ungur\onedrive\desktop\sem 2\oop\lab\5\lab5\x64\debug\lab5.tlog\link.12496.read.3.tlog
c:\users\ungur\onedrive\desktop\sem 2\oop\lab\5\lab5\x64\debug\lab5.tlog\link.12496.read.4.tlog
c:\users\ungur\onedrive\desktop\sem 2\oop\lab\5\lab5\x64\debug\lab5.tlog\link.12496.write.1.tlog
c:\users\ungur\onedrive\desktop\sem 2\oop\lab\5\lab5\x64\debug\lab5.tlog\link.command.1.tlog
c:\users\ungur\onedrive\desktop\sem 2\oop\lab\5\lab5\x64\debug\lab5.tlog\link.read.1.tlog
c:\users\ungur\onedrive\desktop\sem 2\oop\lab\5\lab5\x64\debug\lab5.tlog\link.secondary.1.tlog
c:\users\ungur\onedrive\desktop\sem 2\oop\lab\5\lab5\x64\debug\lab5.tlog\link.write.1.tlog
