     1                                  ;Sa se citeasca de la tastatura un numar in baza 10 si un numar in baza 16. Sa se afiseze in baza 10 numarul de biti 1 ai sumei celor doua numere citite. Exemplu: a = 32 = 0010 0000b b = 1Ah = 0001 1010b 32 + 1Ah = 
     2                                  
     3                                  bits 32
     4                                  global start
     5                                  extern exit,printf,scanf
     6                                  import exit msvcrt.dll
     7                                  import printf msvcrt.dll
     8                                  import scanf msvcrt.dll
     9                                  
    10                                  segment data use32 class=data
    11                                  
    12 00000000 <res 00000004>          a resd 1
    13 00000004 <res 00000004>          b resd 1
    14 00000008 00000000                suma dd 0
    15 0000000C 613D2000                mesaj1 db "a= ", 0
    16 00000010 623D2000                mesaj2 db "b= ", 0
    17 00000014 256400                  format1 db "%d", 0
    18 00000017 257800                  format2 db "%x", 0
    19 0000001A 73756D613D20256400      format3 db "suma= %d", 0
    20                                  
    21                                  segment code use32 class=code
    22                                  
    23                                  start:
    24                                          
    25 00000000 68[0C000000]                push dword mesaj1
    26 00000005 FF15[00000000]              call [printf]
    27 0000000B 83C404                      add esp,4*1   
    28                                          
    29 0000000E 68[00000000]                push dword a
    30 00000013 68[14000000]                push dword format1
    31 00000018 FF15[00000000]              call [scanf]
    32 0000001E 83C408                      add esp,4*2
    33                                      
    34 00000021 68[10000000]                push dword mesaj2
    35 00000026 FF15[00000000]              call [printf]
    36 0000002C 83C404                      add esp,4*1   
    37                                          
    38 0000002F 68[04000000]                push dword b
    39 00000034 68[17000000]                push dword format2
    40 00000039 FF15[00000000]              call [scanf]
    41 0000003F 83C408                      add esp,4*2
    42                                      
    43 00000042 A1[00000000]                mov eax,[a]
    44 00000047 0305[04000000]              add eax,[b]
    45                                      
    46 0000004D B920000000                  mov ecx,32
    47                                      repeta:
    48 00000052 D1E8                            shr eax,1
    49 00000054 7306                            jnc dupa 
    50 00000056 FF05[08000000]                      inc dword [suma]
    51                                          dupa:
    52 0000005C E2F4                        loop repeta
    53                                      
    54 0000005E FF35[08000000]              push dword [suma]
    55 00000064 68[1A000000]                push dword format3
    56 00000069 FF15[00000000]              call [printf]
    57 0000006F 83C408                      add esp,4*2
    58                                      
    59 00000072 6A00                    push dword 0
    60 00000074 FF15[00000000]          call [exit]
