[2024-03-27 17:21:57] [info] Start Program:
Path:"C:\Users\ungur\OneDrive\Desktop\SEM 2\oop\lab\3,4\lab24\x64\Debug\lab24.exe"
Arguments:
Working directory: "C:\Users\ungur\OneDrive\Desktop\SEM 2\oop\lab\3,4\lab24\lab24\"
Modules: Selected: C:\Users\ungur\OneDrive\Desktop\SEM 2\oop\lab\3,4\lab24\x64\Debug\lab24.exe Excluded: 
Sources: Selected: C:\Users\ungur\OneDrive\Desktop\SEM 2\oop\lab\3,4\lab24\lab24 Excluded: 
Log Level: Normal
Cover Children: 0
Aggregate by file: 1
Continue after C++ exception: 0
Optimized build support: 0
Export: Binary C:\Users\ungur\AppData\Local\Temp\l4dl004d.jz3 
Input coverage: 
Unified diff: 
Excluded line regular expressions: 
Substitute pdb source paths: 

[2024-03-27 17:21:57] [info] Module: C:\Users\ungur\OneDrive\Desktop\SEM 2\oop\lab\3,4\lab24\x64\Debug\lab24.exe is selected because it matches selected pattern: C:\Users\ungur\OneDrive\Desktop\SEM 2\oop\lab\3,4\lab24\x64\Debug\lab24.exe
[2024-03-27 17:21:58] [info] ----------------------------------------------------
[2024-03-27 17:21:58] [info] Coverage binary generated in file: C:\Users\ungur\AppData\Local\Temp\l4dl004d.jz3
[2024-03-27 17:21:58] [info] ----------------------------------------------------
