     1                                  ; Se dau doua siruri de caractere S1 si S2. Sa se construiasca sirul D prin concatenarea elementelor de pe pozitiile impare din S2 cu elementele de pe pozitiile pare din S1.
     2                                  ; Exemplu:
     3                                  ; S1: 'a', 'b', 'c', 'b', 'e', 'f'
     4                                  ; S2: '1', '2', '3', '4', '5'
     5                                  ; D: '1', '3', '5', 'b', 'b', 'f'
     6                                  
     7                                  bits 32 
     8                                  global start
     9                                  extern exit 
    10                                  import exit msvcrt.dll 
    11                                  segment data use32 class=data
    12                                  
    13 00000000 616263646566            s1 db 'a','b','c','d','e','f'
    14 00000006 3132333435              s2 db '1','2','3','4','5'
    15                                  lung equ $-s2
    16 0000000B 00<rept>                d times lung db 0
    17                                    
    18                                  segment code use32 class=code
    19                                  start:
    20                                  
    21 00000000 B905000000                  mov ecx,lung
    22 00000005 BE00000000                  mov esi,0
    23 0000000A BB02000000                  mov ebx,2
    24 0000000F E331                        jecxz sfarsit
    25                                      repeta:
    26 00000011 B800000000                      mov eax,0
    27 00000016 BA00000000                      mov edx,0
    28 0000001B 89F0                            mov eax, esi
    29 0000001D F7F3                            div dword ebx
    30 0000001F 83F800                          cmp eax,0
    31 00000022 8A9E[06000000]                      mov bl,[s2+esi]
    32 00000028 889E[0B000000]                      mov [d+esi],bl
    33 0000002E 760F                                jbe impar
    34 00000030 83F800                          cmp eax,0
    35 00000033 8A9E[00000000]                      mov bl,[s1+esi]
    36 00000039 889E[0B000000]                      mov [d+esi],bl
    37                                          impar:
    38 0000003F 46                              inc esi
    39 00000040 E2CF                        loop repeta
    40                                      sfarsit:
    41 00000042 6A00                    push dword 0 
    42 00000044 FF15[00000000]          call [exit] 
