[2024-04-09 17:29:42] [info] Start Program:
Path:"C:\Users\ungur\OneDrive\Desktop\SEM 2\sda\lab\lab2\lab2\x64\Debug\lab2.exe"
Arguments:
Working directory: "C:\Users\ungur\OneDrive\Desktop\SEM 2\sda\lab\lab2\lab2\lab2\"
Modules: Selected: C:\Users\ungur\OneDrive\Desktop\SEM 2\sda\lab\lab2\lab2\x64\Debug\lab2.exe Excluded: 
Sources: Selected: C:\Users\ungur\OneDrive\Desktop\SEM 2\sda\lab\lab2\lab2\lab2 Excluded: 
Log Level: Normal
Cover Children: 0
Aggregate by file: 1
Continue after C++ exception: 0
Optimized build support: 0
Export: Binary C:\Users\ungur\AppData\Local\Temp\4vexw13v.wnq 
Input coverage: 
Unified diff: 
Excluded line regular expressions: 
Substitute pdb source paths: 

[2024-04-09 17:29:42] [info] Module: C:\Users\ungur\OneDrive\Desktop\SEM 2\sda\lab\lab2\lab2\x64\Debug\lab2.exe is selected because it matches selected pattern: C:\Users\ungur\OneDrive\Desktop\SEM 2\sda\lab\lab2\lab2\x64\Debug\lab2.exe
[2024-04-09 17:29:42] [warning] ----------------------------------------------------
[2024-04-09 17:29:42] [warning] It seems there is an assertion failure or you call DebugBreak() in your program.
[2024-04-09 17:29:42] [warning] ----------------------------------------------------
[2024-04-09 17:29:42] [warning] ----------------------------------------------------
[2024-04-09 17:29:42] [warning] It seems there is an assertion failure or you call DebugBreak() in your program.
[2024-04-09 17:29:42] [warning] ----------------------------------------------------
[2024-04-09 17:29:42] [error] 

----------------------------------------------------
*** Unhandled exception code: 3221225477: EXCEPTION_ACCESS_VIOLATION
----------------------------------------------------
If your application was built with optimization enabled, make sure you use --optimized_build

[2024-04-09 17:29:42] [info] ----------------------------------------------------
[2024-04-09 17:29:42] [info] Coverage binary generated in file: C:\Users\ungur\AppData\Local\Temp\4vexw13v.wnq
[2024-04-09 17:29:42] [info] ----------------------------------------------------
[2024-04-09 17:29:42] [error] Your program stop with error code: -2147483645
