c:\users\ungur\onedrive\desktop\sem 2\oop\lab\6,7\aplicatie_filme\aplicatie_filme\x64\debug\vc143.pdb
c:\users\ungur\onedrive\desktop\sem 2\oop\lab\6,7\aplicatie_filme\aplicatie_filme\x64\debug\vc143.idb
c:\users\ungur\onedrive\desktop\sem 2\oop\lab\6,7\aplicatie_filme\aplicatie_filme\x64\debug\domain.nativecodeanalysis.sarif
c:\users\ungur\onedrive\desktop\sem 2\oop\lab\6,7\aplicatie_filme\aplicatie_filme\x64\debug\domain.nativecodeanalysis.xml
c:\users\ungur\onedrive\desktop\sem 2\oop\lab\6,7\aplicatie_filme\aplicatie_filme\x64\debug\repository.nativecodeanalysis.sarif
c:\users\ungur\onedrive\desktop\sem 2\oop\lab\6,7\aplicatie_filme\aplicatie_filme\x64\debug\repository.nativecodeanalysis.xml
c:\users\ungur\onedrive\desktop\sem 2\oop\lab\6,7\aplicatie_filme\aplicatie_filme\x64\debug\service.nativecodeanalysis.sarif
c:\users\ungur\onedrive\desktop\sem 2\oop\lab\6,7\aplicatie_filme\aplicatie_filme\x64\debug\service.nativecodeanalysis.xml
c:\users\ungur\onedrive\desktop\sem 2\oop\lab\6,7\aplicatie_filme\aplicatie_filme\x64\debug\start.nativecodeanalysis.sarif
c:\users\ungur\onedrive\desktop\sem 2\oop\lab\6,7\aplicatie_filme\aplicatie_filme\x64\debug\start.nativecodeanalysis.xml
c:\users\ungur\onedrive\desktop\sem 2\oop\lab\6,7\aplicatie_filme\aplicatie_filme\x64\debug\teste.nativecodeanalysis.sarif
c:\users\ungur\onedrive\desktop\sem 2\oop\lab\6,7\aplicatie_filme\aplicatie_filme\x64\debug\teste.nativecodeanalysis.xml
c:\users\ungur\onedrive\desktop\sem 2\oop\lab\6,7\aplicatie_filme\aplicatie_filme\x64\debug\ui.nativecodeanalysis.sarif
c:\users\ungur\onedrive\desktop\sem 2\oop\lab\6,7\aplicatie_filme\aplicatie_filme\x64\debug\ui.nativecodeanalysis.xml
c:\users\ungur\onedrive\desktop\sem 2\oop\lab\6,7\aplicatie_filme\aplicatie_filme\x64\debug\ui.obj
c:\users\ungur\onedrive\desktop\sem 2\oop\lab\6,7\aplicatie_filme\aplicatie_filme\x64\debug\teste.obj
c:\users\ungur\onedrive\desktop\sem 2\oop\lab\6,7\aplicatie_filme\aplicatie_filme\x64\debug\start.obj
c:\users\ungur\onedrive\desktop\sem 2\oop\lab\6,7\aplicatie_filme\aplicatie_filme\x64\debug\service.obj
c:\users\ungur\onedrive\desktop\sem 2\oop\lab\6,7\aplicatie_filme\aplicatie_filme\x64\debug\repository.obj
c:\users\ungur\onedrive\desktop\sem 2\oop\lab\6,7\aplicatie_filme\aplicatie_filme\x64\debug\domain.obj
c:\users\ungur\onedrive\desktop\sem 2\oop\lab\6,7\aplicatie_filme\x64\debug\aplicatie_filme.exe
c:\users\ungur\onedrive\desktop\sem 2\oop\lab\6,7\aplicatie_filme\x64\debug\aplicatie_filme.pdb
c:\users\ungur\onedrive\desktop\sem 2\oop\lab\6,7\aplicatie_filme\aplicatie_filme\x64\debug\aplicatie_filme.ilk
c:\users\ungur\onedrive\desktop\sem 2\oop\lab\6,7\aplicatie_filme\aplicatie_filme\x64\debug\vc.nativecodeanalysis.all.xml
c:\users\ungur\onedrive\desktop\sem 2\oop\lab\6,7\aplicatie_filme\aplicatie_filme\x64\debug\aplicatie_filme.tlog\cl.command.1.tlog
c:\users\ungur\onedrive\desktop\sem 2\oop\lab\6,7\aplicatie_filme\aplicatie_filme\x64\debug\aplicatie_filme.tlog\cl.items.tlog
c:\users\ungur\onedrive\desktop\sem 2\oop\lab\6,7\aplicatie_filme\aplicatie_filme\x64\debug\aplicatie_filme.tlog\cl.read.1.tlog
c:\users\ungur\onedrive\desktop\sem 2\oop\lab\6,7\aplicatie_filme\aplicatie_filme\x64\debug\aplicatie_filme.tlog\cl.write.1.tlog
c:\users\ungur\onedrive\desktop\sem 2\oop\lab\6,7\aplicatie_filme\aplicatie_filme\x64\debug\aplicatie_filme.tlog\link.command.1.tlog
c:\users\ungur\onedrive\desktop\sem 2\oop\lab\6,7\aplicatie_filme\aplicatie_filme\x64\debug\aplicatie_filme.tlog\link.read.1.tlog
c:\users\ungur\onedrive\desktop\sem 2\oop\lab\6,7\aplicatie_filme\aplicatie_filme\x64\debug\aplicatie_filme.tlog\link.secondary.1.tlog
c:\users\ungur\onedrive\desktop\sem 2\oop\lab\6,7\aplicatie_filme\aplicatie_filme\x64\debug\aplicatie_filme.tlog\link.write.1.tlog
