     1                                  ;Sa se citeasca de la tastatura un numar hexazecimal format din 2 cifre. Sa se afiseze pe ecran acest numar in baza 10, interpretat atat ca numar fara semn cat si ca numar cu semn (pe 8 biti).
     2                                  
     3                                  bits 32
     4                                  global start
     5                                  extern exit,printf,scanf
     6                                  import exit msvcrt.dll
     7                                  import printf msvcrt.dll
     8                                  import scanf msvcrt.dll
     9                                  
    10                                  segment data use32 class=data
    11                                  
    12 00000000 <res 00000004>          a resd 1
    13 00000004 613D2000                mesaj1 db "a= ", 0
    14 00000008 257800                  format1 db "%x", 0
    15 0000000B 25640D0A00              format2 db "%d", 13,10,0
    16 00000010 257500                  format3 db "%u", 0
    17                                  
    18                                  segment code use32 class=code
    19                                  
    20                                  start:
    21                                          
    22 00000000 68[04000000]                push dword mesaj1
    23 00000005 FF15[00000000]              call [printf]
    24 0000000B 83C404                      add esp,4*1   
    25                                          
    26 0000000E 68[00000000]                push dword a
    27 00000013 68[08000000]                push dword format1
    28 00000018 FF15[00000000]              call [scanf]
    29 0000001E 83C408                      add esp,4*2
    30                                      
    31 00000021 FF35[00000000]              push dword [a]
    32 00000027 68[0B000000]                push dword format2
    33 0000002C FF15[00000000]              call [printf]
    34 00000032 83C408                      add esp,4*2
    35                                      
    36 00000035 FF35[00000000]              push dword [a]
    37 0000003B 68[10000000]                push dword format3
    38 00000040 FF15[00000000]              call [printf]
    39 00000046 83C408                      add esp,4*2
    40                                      
    41 00000049 6A00                    push dword 0
    42 0000004B FF15[00000000]          call [exit]
