     1                                  ;Se da un numar natural a (a: dword, definit in segmentul de date). Sa se citeasca un numar natural b si sa se calculeze: a + a/b. Sa se afiseze rezultatul operatiei. Valorile vor fi afisate in format decimal (baza 
     2                                  
     3                                  bits 32
     4                                  global start
     5                                  extern exit,printf,scanf
     6                                  import exit msvcrt.dll
     7                                  import printf msvcrt.dll
     8                                  import scanf msvcrt.dll
     9                                  
    10                                  segment data use32 class=data
    11                                  
    12 00000000 17000000                a dd 23
    13 00000004 <res 00000004>          b resd 1
    14 00000008 <res 00000008>          rez resq 1
    15 00000010 623D2000                mesaj db "b= ", 0
    16 00000014 256400                  format db "%d", 0
    17 00000017 72657A3D20256C6C64-     mesaj2 db "rez= %lld", 0
    17 00000020 00                 
    18                                  
    19                                  segment code use32 class=code
    20                                  
    21                                  start:
    22                                  
    23 00000000 68[10000000]                push dword mesaj
    24 00000005 FF15[00000000]              call [printf]
    25 0000000B 83C404                      add esp,4*1
    26                                      
    27 0000000E 68[04000000]                push dword b
    28 00000013 68[14000000]                push dword format
    29 00000018 FF15[00000000]              call [scanf]
    30 0000001E 83C408                      add esp,4*2
    31                                      
    32 00000021 BB00000000                  mov ebx,0
    33 00000026 A1[00000000]                mov eax,[a]
    34 0000002B BA00000000                  mov edx, 0
    35 00000030 F73D[04000000]              idiv dword [b]
    36 00000036 0305[00000000]              add eax, [a]
    37 0000003C 83D300                      adc ebx, 0
    38                                      
    39 0000003F A3[08000000]                mov [rez],eax
    40 00000044 891D[0C000000]              mov [rez+4],ebx
    41                                      
    42 0000004A FF35[0C000000]              push dword [rez+4]
    43 00000050 FF35[08000000]              push dword [rez]
    44 00000056 68[17000000]                push dword mesaj2
    45 0000005B FF15[00000000]              call [printf]
    46 00000061 83C40C                      add esp, 4*3
    47                                      
    48 00000064 6A00                    push dword 0
    49 00000066 FF15[00000000]          call [exit]
