     1                                  ;Se da un fisier text. Sa se citeasca continutul fisierului, sa se contorizeze numarul de vocale si sa se afiseze aceasta valoare. Numele fisierului text este definit in segmentul de date.
     2                                  
     3                                  bits 32
     4                                  global start
     5                                  extern exit,printf,fclose,fread,fopen
     6                                  import exit msvcrt.dll
     7                                  import printf msvcrt.dll
     8                                  import fclose msvcrt.dll
     9                                  import fread msvcrt.dll
    10                                  import fopen msvcrt.dll
    11                                  
    12                                  segment data use32 class=data
    13                                  
    14 00000000 312E74787400            nume_fisier db "1.txt", 0
    15 00000006 7200                    mod_acces db "r", 0
    16 00000008 FF                      descriptor db -1
    17                                  len equ 100
    18 00000009 00<rept>                text times len db 0 
    19                                  
    20 0000006D 00000000                nr dd 0
    21 00000071 6E7220646520766F63-     format db "nr de vocale= %d", 0
    21 0000007A 616C653D20256400   
    22                                  
    23                                  segment code use32 class=code
    24                                  
    25                                      vocale:
    26 00000000 B361                            mov bl,'a'
    27 00000002 38D8                            cmp al,bl
    28 00000004 7509                            jne dupa1
    29 00000006 8305[6D000000]01                    add dword [nr],1
    30 0000000D EB3C                                jmp afara
    31                                          dupa1:
    32 0000000F B365                            mov bl,'e'
    33 00000011 38D8                            cmp al,bl
    34 00000013 7509                            jne dupa2
    35 00000015 8305[6D000000]01                    add dword [nr],1
    36 0000001C EB2D                                jmp afara
    37                                          dupa2:
    38 0000001E B369                            mov bl,'i'
    39 00000020 38D8                            cmp al,bl
    40 00000022 7509                            jne dupa3
    41 00000024 8305[6D000000]01                    add dword [nr],1
    42 0000002B EB1E                                jmp afara
    43                                          dupa3:
    44 0000002D B36F                            mov bl,'o'
    45 0000002F 38D8                            cmp al,bl
    46 00000031 7509                            jne dupa4
    47 00000033 8305[6D000000]01                    add dword [nr],1
    48 0000003A EB0F                                jmp afara
    49                                          dupa4:
    50 0000003C B375                            mov bl,'u'
    51 0000003E 38D8                            cmp al,bl
    52 00000040 7509                            jne dupa5
    53 00000042 8305[6D000000]01                    add dword [nr],1
    54 00000049 EB00                                jmp afara
    55                                          dupa5:
    56                                          afara:
    57 0000004B C3                          ret
    58                                  
    59                                  start:
    60                                          
    61 0000004C 68[06000000]                push dword mod_acces
    62 00000051 68[00000000]                push dword nume_fisier
    63 00000056 FF15[00000000]              call [fopen]
    64 0000005C 83C408                      add esp,4*2
    65 0000005F A3[08000000]                mov [descriptor],eax
    66                                      
    67 00000064 83F800                      cmp eax,0
    68 00000067 744A                        je final
    69                                      
    70 00000069 FF35[08000000]              push dword [descriptor]
    71 0000006F 6A64                        push dword len
    72 00000071 6A01                        push dword 1
    73 00000073 68[09000000]                push dword text
    74 00000078 FF15[00000000]              call [fread]
    75 0000007E 83C410                      add esp,4*4
    76                                      
    77 00000081 BE[09000000]                mov esi,text
    78 00000086 89C1                        mov ecx,eax
    79                                      repeta:
    80 00000088 AC                              lodsb
    81 00000089 E872FFFFFF                      call vocale
    82 0000008E E2F8                        loop repeta
    83                                      
    84 00000090 FF35[6D000000]              push dword [nr]
    85 00000096 68[71000000]                push dword format
    86 0000009B FF15[00000000]              call [printf]
    87 000000A1 83C408                      add esp,4*2
    88                                      
    89 000000A4 FF35[08000000]              push dword [descriptor]
    90 000000AA FF15[00000000]              call [fclose]
    91 000000B0 83C404                      add esp,4*1
    92                                      
    93                                      final:
    94                                      
    95 000000B3 6A00                    push dword 0
    96 000000B5 FF15[00000000]          call [exit]
