     1                                  ;Se dau un nume de fisier si un text (definite in segmentul de date). Textul contine litere mici, litere mari, cifre si caractere speciale. Sa se inlocuiasca toate caracterele speciale din textul dat cu caracterul '
     2                                  
     3                                  bits 32
     4                                  global start
     5                                  extern exit,fclose,fprintf,fopen
     6                                  import exit msvcrt.dll
     7                                  import fclose msvcrt.dll
     8                                  import fprintf msvcrt.dll
     9                                  import fopen msvcrt.dll
    10                                  
    11                                  segment data use32 class=data
    12                                  
    13 00000000 31352E74787400          nume_fisier db "15.txt", 0
    14 00000007 7700                    mod_acces db "w", 0
    15 00000009 FFFFFFFF                descriptor dd -1
    16 0000000D 674142676438343F23-     text db "gABgd84?#", 0
    16 00000016 00                 
    17                                  len equ $-text-1
    18 00000017 00<rept>                text2 times len+1 db 0
    19                                  
    20                                  segment code use32 class=code
    21                                  
    22                                  start:
    23                                          
    24 00000000 68[07000000]                push dword mod_acces
    25 00000005 68[00000000]                push dword nume_fisier
    26 0000000A FF15[00000000]              call [fopen]
    27 00000010 83C408                      add esp,4*2
    28 00000013 A3[09000000]                mov [descriptor],eax
    29                                      
    30 00000018 83F800                      cmp eax,0
    31 0000001B 7461                        je final
    32                                  
    33 0000001D B909000000                  mov ecx,len
    34 00000022 B358                        mov bl,'X'
    35 00000024 BF[17000000]                mov edi,text2
    36 00000029 BE[0D000000]                mov esi,text
    37                                      repeta:
    38 0000002E AC                              lodsb
    39 0000002F 3C39                            cmp al,'9'
    40 00000031 7F08                            jg urm1
    41 00000033 3C30                                cmp al,'0'
    42 00000035 7D1E                                jge afara
    43 00000037 88D8                                    mov al,bl
    44 00000039 EB1A                                    jmp afara
    45                                          urm1:
    46 0000003B 3C5A                            cmp al,'Z'
    47 0000003D 7F08                            jg urm2
    48 0000003F 3C41                                cmp al,'A'
    49 00000041 7D12                                jge afara
    50 00000043 88D8                                    mov al,bl
    51 00000045 EB0E                                    jmp afara    
    52                                          urm2:
    53 00000047 3C7A                            cmp al,'z'
    54 00000049 7F08                            jg urm3
    55 0000004B 3C61                                cmp al,'a'
    56 0000004D 7D06                                jge afara
    57 0000004F 88D8                                    mov al,bl
    58 00000051 EB02                                    jmp afara    
    59                                          urm3:
    60 00000053 88D8                            mov al,bl
    61                                          dupa:
    62                                          afara:
    63 00000055 AA                              stosb
    64 00000056 E2D6                        loop repeta
    65                                      
    66 00000058 B000                        mov al,0
    67 0000005A AA                          stosb
    68                                      
    69 0000005B 68[17000000]                push dword text2
    70 00000060 FF35[09000000]              push dword [descriptor]
    71 00000066 FF15[00000000]              call [fprintf]
    72 0000006C 83C408                      add esp,4*2
    73                                      
    74 0000006F FF35[09000000]              push dword [descriptor]
    75 00000075 FF15[00000000]              call [fclose]
    76 0000007B 83C404                      add esp,4*1
    77                                      
    78                                      final:
    79 0000007E 6A00                    push dword 0
    80 00000080 FF15[00000000]          call [exit]
