     1                                  ;Se dau un nume de fisier si un text (definite in segmentul de date). Textul contine litere mici, cifre si spatii. Sa se inlocuiasca toate cifrele de pe pozitii impare cu caracterul ‘X’. Sa se creeze un fisier c
     2                                  
     3                                  bits 32
     4                                  global start
     5                                  extern exit,fclose,fprintf,fopen
     6                                  import exit msvcrt.dll
     7                                  import fclose msvcrt.dll
     8                                  import fprintf msvcrt.dll
     9                                  import fopen msvcrt.dll
    10                                  
    11                                  segment data use32 class=data
    12                                  
    13 00000000 32312E74787400          nume_fisier db "21.txt", 0
    14 00000007 7700                    mod_acces db "w", 0
    15 00000009 FFFFFFFF                descriptor dd -1
    16 0000000D 323320666B67722034-     text db "23 fkgr 456", 0
    16 00000016 353600             
    17                                  len equ $-text-1
    18 00000019 00<rept>                text2 times len db 0
    19                                  
    20                                  segment code use32 class=code
    21                                  
    22                                  impar:
    23 00000000 88DA                        mov dl,bl
    24 00000002 F8                          clc
    25 00000003 D0EA                        shr dl,1
    26 00000005 7302                            jnc dupa
    27 00000007 B058                        mov al,'X'
    28                                      dupa:
    29 00000009 C3                      ret
    30                                  
    31                                  start:
    32                                          
    33 0000000A 68[07000000]                push dword mod_acces
    34 0000000F 68[00000000]                push dword nume_fisier
    35 00000014 FF15[00000000]              call [fopen]
    36 0000001A 83C408                      add esp,4*2
    37 0000001D A3[09000000]                mov [descriptor],eax
    38                                      
    39 00000022 83F800                      cmp eax,0
    40 00000025 744D                        je final
    41                                  
    42 00000027 B90B000000                  mov ecx,len
    43 0000002C BF[19000000]                mov edi,text2
    44 00000031 BE[0D000000]                mov esi,text
    45 00000036 66BB0000                    mov bx,0
    46                                      repeta:
    47 0000003A AC                              lodsb
    48 0000003B 3C20                            cmp al,' '
    49 0000003D 740D                                je urm1
    50 0000003F 3C39                            cmp al,'9'
    51 00000041 7F09                                jg urm1
    52 00000043 3C30                            cmp al,'0'
    53 00000045 7C05                                jl urm1
    54 00000047 E8B4FFFFFF                      call impar
    55                                          urm1:
    56 0000004C FEC3                            inc bl
    57 0000004E AA                              stosb
    58 0000004F E2E9                        loop repeta
    59                                      
    60 00000051 68[19000000]                push dword text2
    61 00000056 FF35[09000000]              push dword [descriptor]
    62 0000005C FF15[00000000]              call [fprintf]
    63 00000062 83C408                      add esp,4*2
    64                                      
    65 00000065 FF35[09000000]              push dword [descriptor]
    66 0000006B FF15[00000000]              call [fclose]
    67 00000071 83C404                      add esp,4*1
    68                                      
    69                                      final:
    70 00000074 6A00                    push dword 0
    71 00000076 FF15[00000000]          call [exit]
