     1                                  ;Se da un nume de fisier (definit in segmentul de date). Sa se creeze un fisier cu numele dat, apoi sa se citeasca de la tastatura cuvinte pana cand se citeste de la tastatura caracterul '$'. Sa se scrie in fisier d
     2                                  
     3                                  bits 32
     4                                  global start
     5                                  extern exit,fclose,scanf,fopen,fprintf
     6                                  import exit msvcrt.dll
     7                                  import fclose msvcrt.dll
     8                                  import scanf msvcrt.dll
     9                                  import fopen msvcrt.dll
    10                                  import fprintf msvcrt.dll
    11                                  
    12                                  
    13                                  segment data use32 class=data
    14                                  
    15 00000000 32382E74787400          nume_fisier db "28.txt", 0
    16 00000007 7700                    mod_acces db "w", 0
    17 00000009 FFFFFFFF                descriptor dd -1
    18                                  len equ 101
    19 0000000D 00<rept>                text times len db 0
    20 00000072 25730D0A00              format db "%s", 13,10,0
    21                                  
    22                                  segment code use32 class=code
    23                                  
    24                                  start:
    25                                          
    26 00000000 68[07000000]                push dword mod_acces
    27 00000005 68[00000000]                push dword nume_fisier
    28 0000000A FF15[00000000]              call [fopen]
    29 00000010 83C408                      add esp,4*2
    30 00000013 A3[09000000]                mov [descriptor],eax
    31                                      
    32 00000018 83F800                      cmp eax,0
    33 0000001B 7461                            je final
    34                                     
    35 0000001D B965000000                  mov ecx,len
    36                                      repeta:
    37 00000022 51                              push ecx
    38                                          
    39 00000023 68[0D000000]                    push dword text
    40 00000028 68[72000000]                    push dword format
    41 0000002D FF15[00000000]                  call [scanf]
    42 00000033 83C408                          add esp,4*2
    43                                          
    44 00000036 BE[0D000000]                    mov esi,text
    45 0000003B AC                              lodsb
    46 0000003C 3C24                            cmp al,'$'
    47 0000003E 742F                                je afara
    48                                              
    49 00000040 4E                              dec esi
    50 00000041 B965000000                      mov ecx,len
    51                                  
    52                                          repeta2:
    53 00000046 AC                                  lodsb
    54 00000047 3C61                                cmp al,'a'
    55 00000049 7C1F                                    jl dupa
    56 0000004B 3C7A                                cmp al,'z'
    57 0000004D 7F1B                                    jg dupa
    58                                              
    59 0000004F 68[0D000000]                        push dword text
    60 00000054 68[72000000]                        push dword format
    61 00000059 FF35[09000000]                      push dword [descriptor]
    62 0000005F FF15[00000000]                      call [fprintf]
    63 00000065 83C40C                              add esp,4*3
    64 00000068 EB03                                jmp urm_cuv
    65                                              
    66                                              dupa:
    67 0000006A E2DA                            loop repeta2
    68 0000006C 59                              pop ecx
    69                                          urm_cuv:
    70 0000006D E2B3                        loop repeta
    71                                      afara:
    72                                      
    73 0000006F FF35[09000000]              push dword [descriptor]
    74 00000075 FF15[00000000]              call [fclose]
    75 0000007B 83C404                      add esp,4*1
    76                                      
    77                                      final:
    78 0000007E 6A00                    push dword 0
    79 00000080 FF15[00000000]          call [exit]
