     1                                  ;Se da un fisier text. Sa se citeasca continutul fisierului, sa se contorizeze numarul de litere 'y' si 'z' si sa se afiseze aceaste valori. Numele fisierului text este definit in segmentul de date.
     2                                  
     3                                  bits 32 
     4                                  global start
     5                                  
     6                                  extern exit, fopen, fread, fclose, printf
     7                                  import exit msvcrt.dll  
     8                                  import fopen msvcrt.dll  
     9                                  import fread msvcrt.dll
    10                                  import fclose msvcrt.dll
    11                                  import printf msvcrt.dll
    12                                  
    13                                  segment data use32 class=data
    14                                  
    15 00000000 6669736965722E7478-     nume_fisier db "fisier.txt", 0    ;numele fisierului
    15 00000009 7400               
    16 0000000B 7200                    mod_acces db "r", 0               ;modul de deschidere a fisierului
    17 0000000D FFFFFFFF                descriptor dd -1                  ;variabila unde se salveaza descriptorul fisierului
    18                                  len equ 100                       ;nr maxim de elemente citite din fisier
    19 00000011 00<rept>                text times (len+1) db 0           ;sirul citit din fisier
    20                                  
    21 00000076 532D61206369746974-     format db "S-a citit cu succes sirul din fisier. Textul este %s", 0
    21 0000007F 206375207375636365-
    21 00000088 7320736972756C2064-
    21 00000091 696E20666973696572-
    21 0000009A 2E2054657874756C20-
    21 000000A3 6573746520257300   
    22 000000AB 4E756D6172756C2064-     format1 db "Numarul de litere y este: %d", 0
    22 000000B4 65206C697465726520-
    22 000000BD 7920657374653A2025-
    22 000000C6 6400               
    23 000000C8 4E756D6172756C2064-     format2 db "Numarul de litere z este: %d", 0
    23 000000D1 65206C697465726520-
    23 000000DA 7A20657374653A2025-
    23 000000E3 6400               
    24 000000E5 79                      y db "y"
    25 000000E6 7A                      z db "z"
    26 000000E7 00000000                nr_y dd 0
    27 000000EB 00000000                nr_z dd 0
    28                                    
    29                                  segment code use32 class=code
    30                                  start:
    31                                  
    32                                      ;se apeleaza functia fopen
    33 00000000 68[0B000000]                push dword mod_acces     
    34 00000005 68[00000000]                push dword nume_fisier
    35 0000000A FF15[00000000]              call [fopen]
    36 00000010 83C408                      add esp, 4*2 
    37                                      
    38                                      ;se salveaza valoarea returnata de fopen
    39 00000013 A3[0D000000]                mov [descriptor],eax
    40                                     
    41                                      ;verificam daca totul a mers bine, daca eax != 0
    42 00000018 83F800                      cmp eax,0
    43 0000001B 0F848F000000                    je final
    44                                      
    45                                      ;se citeste textul din fisier, in eax este nr de caractere citite
    46 00000021 FF35[0D000000]              push dword [descriptor]
    47 00000027 6A64                        push dword len
    48 00000029 6A01                        push dword 1
    49 0000002B 68[11000000]                push dword text
    50 00000030 FF15[00000000]              call [fread]
    51 00000036 83C410                      add esp,4*4
    52                                      
    53 00000039 50                          push eax
    54                                      
    55                                      ;se afiseaza textul citit
    56 0000003A 68[11000000]                push dword text
    57 0000003F 68[76000000]                push dword format
    58 00000044 FF15[00000000]              call [printf]
    59 0000004A 83C408                      add esp, 4*2
    60                                      
    61 0000004D 58                          pop eax
    62                                      
    63                                      ;se contorizeaza nr de y si z din text
    64 0000004E 8A1D[E5000000]              mov bl,[y]                          ;bl=codul ascii al lui y
    65 00000054 8A15[E6000000]              mov dl,[z]                          ;dl=codul ascii al lui z
    66 0000005A 89C1                        mov ecx, eax                        ;ecx=lungimea textului
    67 0000005C FC                          cld
    68 0000005D BE[11000000]                mov esi,text                    ;esi=adresa de inceput a textului
    69                                      repeta2:
    70 00000062 AC                              lodsb                       ;al= elementul de la adresa esi
    71 00000063 3C79                            cmp al,'y'                  
    72 00000065 7506                                jne urmatorul
    73 00000067 FF05[E7000000]                      inc dword [nr_y]        ;creste nr_y daca in al se afla codul ascii al lui y
    74                                          urmatorul:
    75 0000006D 38D0                            cmp al,dl
    76 0000006F 7506                                jne urmatorul2
    77 00000071 FF05[EB000000]                      inc dword [nr_z]        ;creste nr_z daca in al se afla codul ascii al lui z
    78                                          urmatorul2:
    79 00000077 E2E9                        loop repeta2
    80                                      
    81                                      ;se afiseaza nr de litere y
    82 00000079 FF35[E7000000]              push dword [nr_y]
    83 0000007F 68[AB000000]                push dword format1
    84 00000084 FF15[00000000]              call [printf]
    85 0000008A 83C408                      add esp,4*2
    86                                      
    87                                      ;se afiseaza nr de litere z
    88 0000008D FF35[EB000000]              push dword [nr_z]
    89 00000093 68[C8000000]                push dword format2
    90 00000098 FF15[00000000]              call [printf]
    91 0000009E 83C408                      add esp,4*2
    92                                      
    93                                      ;se apeleaza functia fclose
    94 000000A1 FF35[0D000000]              push dword [descriptor]
    95 000000A7 FF15[00000000]              call [fclose]
    96 000000AD 83C404                      add esp, 4
    97                                      
    98                                      final:
    99 000000B0 6A00                    push dword 0 
   100 000000B2 FF15[00000000]          call [exit] 
