     1                                  bits 32 
     2                                  global start
     3                                  extern exit 
     4                                  import exit msvcrt.dll 
     5                                  segment data use32 class=data
     6                                  ;calculati (a+b)/2+(10-a/c)+b/4 cu a,b,c - byte, d - word
     7                                  
     8 00000000 04                      a db 4
     9 00000001 05                      b db 5
    10 00000002 02                      c db 2
    11 00000003 0900                    d dw 9
    12                                  
    13                                  segment code use32 class=code
    14                                  start:
    15                                  
    16                                  ;a+b
    17 00000000 66B80000                mov ax, 0
    18 00000004 A0[00000000]            mov al, [a]
    19 00000009 0205[01000000]          add al, [b]
    20                                  
    21                                  
    22                                  ;(a+b)/2
    23 0000000F F63502000000            div byte [2]
    24 00000015 88C1                    mov cl,al
    25                                  
    26                                  ;a/c
    27 00000017 66B80000                mov ax, 0
    28 0000001B A0[00000000]            mov al, [a]
    29 00000020 F635[02000000]          div byte [c]
    30                                  
    31                                  
    32                                  ;10-a/c
    33 00000026 B30A                    mov bl,10
    34 00000028 28C3                    sub bl,al
    35                                  
    36                                  ;(a+b)/2+(10-a/c)
    37 0000002A 00C1                    add cl,al
    38                                  
    39                                  ;b/4
    40 0000002C 66B80000                mov ax, 0
    41 00000030 A0[01000000]            mov al, [b]
    42 00000035 F63504000000            div byte [4]
    43                                  
    44                                  
    45                                  ;(a+b)/2+(10-a/c)+b/4
    46 0000003B 00C1                    add cl,al
    47                                      
    48 0000003D 6A00                    push dword 0 
    49 0000003F FF15[00000000]          call [exit] 
