     1                                  bits 32 
     2                                  global start
     3                                  extern exit 
     4                                  import exit msvcrt.dll 
     5                                  segment data use32 class=data
     6                                  ;calculati a*a-(e+f) cu a,b,c,d-byte, e,f,g,h-word
     7                                  
     8 00000000 08                      a db 8
     9 00000001 0500                    e dw 5
    10 00000003 0200                    f dw 2
    11                                  
    12                                  segment code use32 class=code
    13                                  start:
    14                                  
    15 00000000 66A1[00000000]          mov ax,[a]
    16                                  mul [a]
    16          ******************       error: operation size not specified
    17 00000006 668B1D[01000000]        mov bx,[e]
    18 0000000D 66031D[03000000]        add bx,[f]
    19 00000014 6629D8                  sub ax,bx
    20                                      
    21 00000017 6A00                    push dword 0 
    22 00000019 FF15[00000000]          call [exit] 
