[2024-05-26 12:10:38] [info] Start Program:
Path:"C:\Users\ungur\OneDrive\Desktop\SEM_2\oop\lab\1314\lab134\x64\Debug\lab134.exe"
Arguments:
Working directory: "C:\Users\ungur\OneDrive\Desktop\SEM_2\oop\lab\1314\lab134\lab134\"
Modules: Selected: C:\Users\ungur\OneDrive\Desktop\SEM_2\oop\lab\1314\lab134\x64\Debug\lab134.exe Excluded: 
Sources: Selected: C:\Users\ungur\OneDrive\Desktop\SEM_2\oop\lab\1314\lab134\lab134 Excluded: 
Log Level: Normal
Cover Children: 0
Aggregate by file: 1
Continue after C++ exception: 0
Optimized build support: 0
Export: Binary C:\Users\ungur\AppData\Local\Temp\mqmmnxpg.o5d 
Input coverage: 
Unified diff: 
Excluded line regular expressions: 
Substitute pdb source paths: 

[2024-05-26 12:10:38] [info] Module: C:\Users\ungur\OneDrive\Desktop\SEM_2\oop\lab\1314\lab134\x64\Debug\lab134.exe is selected because it matches selected pattern: C:\Users\ungur\OneDrive\Desktop\SEM_2\oop\lab\1314\lab134\x64\Debug\lab134.exe
[2024-05-26 12:10:41] [info] ----------------------------------------------------
[2024-05-26 12:10:41] [info] Coverage binary generated in file: C:\Users\ungur\AppData\Local\Temp\mqmmnxpg.o5d
[2024-05-26 12:10:41] [info] ----------------------------------------------------
