     1                                  ;Sa se citeasca de la tastatura un nume de fisier si un text. Sa se creeze un fisier cu numele dat in directorul curent si sa se scrie textul in acel fisier. Observatii: Numele de fisier este de maxim 30 de caracter
     2                                  
     3                                  bits 32
     4                                  global start
     5                                  extern exit,fclose,fprintf,fopen,scanf,printf
     6                                  import exit msvcrt.dll
     7                                  import fclose msvcrt.dll
     8                                  import fprintf msvcrt.dll
     9                                  import fopen msvcrt.dll
    10                                  import printf msvcrt.dll
    11                                  import scanf msvcrt.dll
    12                                  
    13                                  segment data use32 class=data
    14                                  
    15                                  len_nume equ 31
    16 00000000 00<rept>                nume_fisier times len_nume db 0
    17 0000001F 7700                    mod_acces db "w", 0
    18 00000021 FFFFFFFF                descriptor dd -1
    19                                  len equ 121
    20 00000025 00<rept>                text times len db 0 
    21 0000009E 4E756D656C65206669-     format1 db "Numele fisierului: ", 0
    21 000000A7 73696572756C75693A-
    21 000000B0 2000               
    22 000000B2 54657874756C3A2000      format2 db "Textul: ", 0
    23 000000BB 257300                  format3 db "%s", 0
    24                                  
    25                                  segment code use32 class=code
    26                                  
    27                                  start:
    28                                  
    29 00000000 68[9E000000]                push dword format1
    30 00000005 FF15[00000000]              call [printf]
    31 0000000B 83C404                      add esp,4*1
    32                                      
    33 0000000E 68[00000000]                push dword nume_fisier
    34 00000013 68[BB000000]                push dword format3
    35 00000018 FF15[00000000]              call [scanf]
    36 0000001E 83C408                      add esp,4*2
    37                                      
    38 00000021 68[B2000000]                push dword format2
    39 00000026 FF15[00000000]              call [printf]
    40 0000002C 83C404                      add esp,4*1
    41                                      
    42 0000002F 68[25000000]                push dword text
    43 00000034 68[BB000000]                push dword format3
    44 00000039 FF15[00000000]              call [scanf]
    45 0000003F 83C408                      add esp,4*2
    46                                          
    47 00000042 68[1F000000]                push dword mod_acces
    48 00000047 68[00000000]                push dword nume_fisier
    49 0000004C FF15[00000000]              call [fopen]
    50 00000052 83C408                      add esp,4*2
    51 00000055 A3[21000000]                mov [descriptor],eax
    52                                      
    53 0000005A 83F800                      cmp eax,0
    54 0000005D 7428                        je final
    55                                  
    56 0000005F 68[00000000]                push dword nume_fisier
    57 00000064 68[25000000]                push dword text
    58 00000069 FF35[21000000]              push dword [descriptor]
    59 0000006F FF15[00000000]              call [fprintf]
    60 00000075 83C40C                      add esp,4*3
    61                                      
    62 00000078 FF35[21000000]              push dword [descriptor]
    63 0000007E FF15[00000000]              call [fclose]
    64 00000084 83C404                      add esp,4*1
    65                                      
    66                                      final:
    67 00000087 6A00                    push dword 0
    68 00000089 FF15[00000000]          call [exit]
