     1                                  ;Se da un nume de fisier (definit in segmentul de date). Sa se creeze un fisier cu numele dat, apoi sa se citeasca de la tastatura cuvinte si sa se scrie in fisier cuvintele citite pana cand se citeste de la tastatu
     2                                  
     3                                  bits 32
     4                                  global start
     5                                  extern exit,fclose,fprintf,fopen,printf,scanf
     6                                  import exit msvcrt.dll
     7                                  import fclose msvcrt.dll
     8                                  import fprintf msvcrt.dll
     9                                  import fopen msvcrt.dll
    10                                  import printf msvcrt.dll
    11                                  import scanf msvcrt.dll
    12                                  
    13                                  segment data use32 class=data
    14                                  
    15 00000000 31312E74787400          nume_fisier db "11.txt", 0
    16 00000007 7700                    mod_acces db "w", 0
    17                                  len equ 101
    18 00000009 FFFFFFFF                descriptor dd -1
    19 0000000D 00<rept>                cuv times len db 0
    20 00000072 74657874756C206573-     mesaj db "textul este: ", 0
    20 0000007B 74653A2000         
    21 00000080 257300                  format db "%s", 0
    22 00000083 20000000                car dd ' '
    23 00000087 256300                  format2 db "%c", 0
    24                                  
    25                                  segment code use32 class=code
    26                                  
    27                                  start:
    28                                          
    29 00000000 68[07000000]                push dword mod_acces
    30 00000005 68[00000000]                push dword nume_fisier
    31 0000000A FF15[00000000]              call [fopen]
    32 00000010 83C408                      add esp,4*2
    33 00000013 A3[09000000]                mov [descriptor],eax
    34                                      
    35 00000018 83F800                      cmp eax,0
    36 0000001B 7474                        je final
    37                                  
    38 0000001D 68[72000000]                push dword mesaj
    39 00000022 FF15[00000000]              call [printf]
    40 00000028 83C404                      add esp,4*1
    41                                      
    42 0000002B B965000000                  mov ecx,len
    43                                      repeta:
    44 00000030 68[0D000000]                    push dword cuv
    45 00000035 68[80000000]                    push dword format
    46 0000003A FF15[00000000]                  call [scanf]
    47 00000040 83C408                          add esp,4*2
    48                                          
    49 00000043 BE[0D000000]                    mov esi,cuv
    50 00000048 AC                              lodsb
    51 00000049 3C24                            cmp al,'$'
    52 0000004B 7435                                je afara
    53                                              
    54 0000004D 68[0D000000]                    push dword cuv
    55 00000052 68[80000000]                    push dword format
    56 00000057 FF35[09000000]                  push dword [descriptor]
    57 0000005D FF15[00000000]                  call [fprintf]
    58 00000063 83C40C                          add esp,4*3
    59                                          
    60 00000066 FF35[83000000]                  push dword [car]
    61 0000006C 68[87000000]                    push dword format2
    62 00000071 FF35[09000000]                  push dword [descriptor]
    63 00000077 FF15[00000000]                  call [fprintf]
    64 0000007D 83C40C                          add esp,4*3
    65                                  
    66 00000080 E2AE                        loop repeta
    67                                      afara:
    68                                      
    69 00000082 FF35[09000000]              push dword [descriptor]
    70 00000088 FF15[00000000]              call [fclose]
    71 0000008E 83C404                      add esp,4*1
    72                                      
    73                                      final:
    74 00000091 6A00                    push dword 0
    75 00000093 FF15[00000000]          call [exit]
