     1                                  ;Se da un nume de fisier (definit in segmentul de date). Sa se creeze un fisier cu numele dat, apoi sa se citeasca de la tastatura numere si sa se scrie valorile citite in fisier pana cand se citeste de la tastatura
     2                                  
     3                                  bits 32
     4                                  global start
     5                                  extern exit,fclose,fprintf,fopen,printf,scanf
     6                                  import exit msvcrt.dll
     7                                  import fclose msvcrt.dll
     8                                  import fprintf msvcrt.dll
     9                                  import fopen msvcrt.dll
    10                                  import printf msvcrt.dll
    11                                  import scanf msvcrt.dll
    12                                  
    13                                  segment data use32 class=data
    14                                  
    15 00000000 31322E74787400          nume_fisier db "12.txt", 0
    16 00000007 7700                    mod_acces db "w", 0
    17                                  len equ 101
    18 00000009 FFFFFFFF                descriptor dd -1
    19 0000000D 00<rept>                cuv times len db 0
    20 00000072 00<rept>                cuv2 times len db 0
    21 000000D7 74657874756C206573-     mesaj db "textul este: ", 0
    21 000000E0 74653A2000         
    22 000000E5 257300                  format db "%s", 0
    23                                  
    24                                  segment code use32 class=code
    25                                  
    26                                  start:
    27                                          
    28 00000000 68[07000000]                push dword mod_acces
    29 00000005 68[00000000]                push dword nume_fisier
    30 0000000A FF15[00000000]              call [fopen]
    31 00000010 83C408                      add esp,4*2
    32 00000013 A3[09000000]                mov [descriptor],eax
    33                                      
    34 00000018 83F800                      cmp eax,0
    35 0000001B 747F                        je final
    36                                  
    37 0000001D 68[D7000000]                push dword mesaj
    38 00000022 FF15[00000000]              call [printf]
    39 00000028 83C404                      add esp,4*1
    40                                      
    41 0000002B B965000000                  mov ecx,len
    42                                      repeta:
    43 00000030 68[0D000000]                    push dword cuv
    44 00000035 68[E5000000]                    push dword format
    45 0000003A FF15[00000000]                  call [scanf]
    46 00000040 83C408                          add esp,4*2
    47                                          
    48 00000043 BE[0D000000]                    mov esi,cuv
    49 00000048 BF[72000000]                    mov edi,cuv2
    50 0000004D AC                              lodsb
    51 0000004E 3C30                            cmp al,'0'
    52 00000050 743B                                je afara
    53                                              
    54 00000052 4E                              dec esi    
    55 00000053 51                              push ecx
    56 00000054 B965000000                      mov ecx,len
    57                                          repetare:
    58 00000059 AC                                  lodsb
    59 0000005A 3C30                                cmp al,'0'
    60 0000005C 742F                                    je afara
    61 0000005E 3C2E                                cmp al,'.'
    62 00000060 7403                                    je dupa
    63 00000062 AA                                  stosb
    64 00000063 E2F4                            loop repetare
    65                                          dupa:
    66 00000065 B020                            mov al,' '
    67 00000067 AA                              stosb
    68                                  
    69 00000068 68[72000000]                    push dword cuv2
    70 0000006D FF35[09000000]                  push dword [descriptor]
    71 00000073 FF15[00000000]                  call [fprintf]
    72 00000079 83C408                          add esp,4*2
    73                                          
    74 0000007C B965000000                      mov ecx,len
    75                                          rp:
    76 00000081 C605[72000000]00                mov byte [cuv2],0
    77 00000088 E2F7                            loop rp
    78                                          
    79 0000008A 59                              pop ecx
    80 0000008B E2A3                        loop repeta
    81                                      afara:
    82                                      
    83 0000008D FF35[09000000]              push dword [descriptor]
    84 00000093 FF15[00000000]              call [fclose]
    85 00000099 83C404                      add esp,4*1
    86                                      
    87                                      final:
    88 0000009C 6A00                    push dword 0
    89 0000009E FF15[00000000]          call [exit]
