     1                                  ;Se da un fisier text. Sa se citeasca continutul fisierului, sa se contorizeze numarul de litere 'y' si 'z' si sa se afiseze aceaste valori. Numele fisierului text este definit in segmentul de date.
     2                                  
     3                                  bits 32
     4                                  global start
     5                                  extern exit,fclose,printf,fopen,fread
     6                                  import exit msvcrt.dll
     7                                  import fclose msvcrt.dll
     8                                  import printf msvcrt.dll
     9                                  import fopen msvcrt.dll
    10                                  import fread msvcrt.dll
    11                                  
    12                                  segment data use32 class=data
    13                                  
    14 00000000 31362E74787400          nume_fisier db "16.txt", 0
    15 00000007 7200                    mod_acces db "r", 0
    16 00000009 FFFFFFFF                descriptor dd -1
    17                                  len equ 100
    18 0000000D 00<rept>                text times len db 0
    19 00000071 00000000                y dd 0
    20 00000075 00000000                z dd 0
    21 00000079 793A2025642C207A3A-     mesaj db "y: %d, z: %d", 0
    21 00000082 20256400           
    22                                  
    23                                  segment code use32 class=code
    24                                  
    25                                  start:
    26                                          
    27 00000000 68[07000000]                push dword mod_acces
    28 00000005 68[00000000]                push dword nume_fisier
    29 0000000A FF15[00000000]              call [fopen]
    30 00000010 83C408                      add esp,4*2
    31                                      
    32 00000013 A3[09000000]                mov [descriptor],eax
    33 00000018 83F800                      cmp eax,0
    34 0000001B 745F                            je final
    35                                  
    36 0000001D FF35[09000000]              push dword [descriptor]
    37 00000023 6A64                        push dword len
    38 00000025 6A01                        push dword 1
    39 00000027 68[0D000000]                push dword text
    40 0000002C FF15[00000000]              call [fread]
    41 00000032 83C410                      add esp,4*4
    42                                      
    43 00000035 89C1                        mov ecx,eax
    44 00000037 BE[0D000000]                mov esi,text
    45                                      repeta:
    46 0000003C AC                              lodsb
    47 0000003D 3C79                            cmp al,'y'
    48 0000003F 7506                            jne urm
    49 00000041 FF05[71000000]                      inc dword [y]
    50                                          urm:
    51 00000047 3C7A                            cmp al,'z'
    52 00000049 7506                            jne urm2
    53 0000004B FF05[75000000]                      inc dword [z]
    54                                          urm2:
    55 00000051 E2E9                        loop repeta
    56                                      
    57 00000053 FF35[75000000]              push dword [z]
    58 00000059 FF35[71000000]              push dword [y]
    59 0000005F 68[79000000]                push dword mesaj
    60 00000064 FF15[00000000]              call [printf]
    61 0000006A 83C40C                      add esp,4*3
    62                                      
    63 0000006D FF35[09000000]              push dword [descriptor]
    64 00000073 FF15[00000000]              call [fclose]
    65 00000079 83C404                      add esp,4*1
    66                                      
    67                                      final:
    68 0000007C 6A00                    push dword 0
    69 0000007E FF15[00000000]          call [exit]
