     1                                  ;Se da un fisier text care contine litere, spatii si puncte. Sa se citeasca continutul fisierului, sa se determine numarul de cuvinte si sa se afiseze pe ecran aceasta valoare. (Se considera cuvant orice secventa de
     2                                  
     3                                  
     4                                  bits 32
     5                                  global start
     6                                  extern exit,fclose,printf,fopen,fread
     7                                  import exit msvcrt.dll
     8                                  import fclose msvcrt.dll
     9                                  import printf msvcrt.dll
    10                                  import fopen msvcrt.dll
    11                                  import fread msvcrt.dll
    12                                  
    13                                  
    14                                  segment data use32 class=data
    15                                  
    16 00000000 31382E74787400          nume_fisier db "18.txt", 0
    17 00000007 7200                    mod_acces db "r", 0
    18 00000009 FFFFFFFF                descriptor dd -1
    19                                  len equ 101
    20 0000000D 00000000<rept>          text times len dd 0
    21 000001A1 00000000                nr dd 0
    22 000001A5 256400                  format db "%d", 0
    23                                  
    24                                  segment code use32 class=code
    25                                  
    26                                  start:
    27                                          
    28 00000000 68[07000000]                push dword mod_acces
    29 00000005 68[00000000]                push dword nume_fisier
    30 0000000A FF15[00000000]              call [fopen]
    31 00000010 83C408                      add esp,4*2
    32 00000013 A3[09000000]                mov [descriptor],eax
    33                                      
    34 00000018 83F800                      cmp eax,0
    35 0000001B 745B                            je final
    36                                      
    37 0000001D FF35[09000000]              push dword [descriptor]
    38 00000023 6A65                        push dword len
    39 00000025 6A01                        push dword 1
    40 00000027 68[0D000000]                push dword text
    41 0000002C FF15[00000000]              call [fread]
    42 00000032 83C410                      add esp,4*4
    43                                      
    44 00000035 BE[0D000000]                mov esi,text
    45 0000003A 89C1                        mov ecx,eax
    46                                      repeta:
    47 0000003C AC                              lodsb
    48 0000003D 3C20                            cmp al,' '
    49 0000003F 7507                                jne urm1
    50 00000041 8305[A1010000]01                add dword [nr],1
    51                                          urm1:
    52 00000048 3C2E                            cmp al,'.'
    53 0000004A 7402                                je urm2
    54 0000004C E2EE                        loop repeta
    55                                      urm2:
    56 0000004E 8305[A1010000]01            add dword [nr],1
    57                                  
    58                                      
    59 00000055 FF35[A1010000]              push dword [nr]
    60 0000005B 68[A5010000]                push dword format
    61 00000060 FF15[00000000]              call [printf]
    62 00000066 83C408                      add esp,4*2
    63                                      
    64 00000069 FF35[09000000]              push dword [descriptor]
    65 0000006F FF15[00000000]              call [fclose]
    66 00000075 83C404                      add esp,4*1
    67                                      
    68                                      final:
    69 00000078 6A00                    push dword 0
    70 0000007A FF15[00000000]          call [exit]
