     1                                  ;Se dau in segmentul de date un nume de fisier si un text (poate contine orice tip de caracter). Sa se calculeze suma cifrelor din text. Sa se creeze un fisier cu numele dat si sa se scrie suma obtinuta in fisier.
     2                                  
     3                                  bits 32
     4                                  global start
     5                                  extern exit,fclose,fprintf,fopen
     6                                  import exit msvcrt.dll
     7                                  import fclose msvcrt.dll
     8                                  import fprintf msvcrt.dll
     9                                  import fopen msvcrt.dll
    10                                  
    11                                  segment data use32 class=data
    12                                  
    13 00000000 31392E74787400          nume_fisier db "19.txt", 0
    14 00000007 7700                    mod_acces db "w", 0
    15 00000009 FFFFFFFF                descriptor dd -1
    16 0000000D 61623934686465494A-     text db "ab94hdeIJ62", 0
    16 00000016 363200             
    17                                  len equ $-text-1
    18 00000019 00000000                suma dd 0
    19 0000001D 256400                  format db "%d", 0
    20                                  
    21                                  segment code use32 class=code
    22                                  
    23                                  start:
    24                                          
    25 00000000 68[07000000]                push dword mod_acces
    26 00000005 68[00000000]                push dword nume_fisier
    27 0000000A FF15[00000000]              call [fopen]
    28 00000010 83C408                      add esp,4*2
    29 00000013 A3[09000000]                mov [descriptor],eax
    30                                      
    31 00000018 83F800                      cmp eax,0
    32 0000001B 744C                            je final
    33                                          
    34 0000001D BE[0D000000]                mov esi,text
    35 00000022 B90B000000                  mov ecx,len
    36                                      repeta:
    37 00000027 B800000000                      mov eax,0
    38 0000002C AC                              lodsb
    39 0000002D 3C30                            cmp al,'0'
    40 0000002F 7C0D                                jl urm1
    41 00000031 3C39                            cmp al,'9'
    42 00000033 7F09                                jg urm1
    43 00000035 83E830                          sub eax,'0'
    44 00000038 0105[19000000]                  add [suma],eax
    45                                          urm1:
    46 0000003E E2E7                        loop repeta
    47                                      
    48 00000040 FF35[19000000]              push dword [suma]
    49 00000046 68[1D000000]                push dword format
    50 0000004B FF35[09000000]              push dword [descriptor]
    51 00000051 FF15[00000000]              call [fprintf]
    52 00000057 83C40C                      add esp,4*3
    53                                      
    54 0000005A FF35[09000000]              push dword [descriptor]
    55 00000060 FF15[00000000]              call [fclose]
    56 00000066 83C404                      add esp,4*1
    57                                      
    58                                      final:
    59 00000069 6A00                    push dword 0
    60 0000006B FF15[00000000]          call [exit]
