     1                                  ;Se da numele unui fisier si un numar pe cuvant scris in memorie. Se considera numarul in reprezentarea fara semn. Sa se scrie cifrele zecimale ale acestui numar ca text in fisier, fiecare cifra pe o linie separata.
     2                                  
     3                                  bits 32
     4                                  global start
     5                                  extern exit,fclose,fprintf,fopen
     6                                  import exit msvcrt.dll
     7                                  import fclose msvcrt.dll
     8                                  import fprintf msvcrt.dll
     9                                  import fopen msvcrt.dll
    10                                  
    11                                  segment data use32 class=data
    12                                  
    13 00000000 32322E74787400          nume_fisier db "22.txt", 0
    14 00000007 7700                    mod_acces db "w", 0
    15 00000009 FFFFFFFF                descriptor dd -1
    16 0000000D 3930                    nr dw 12345
    17 0000000F 00<rept>                text times 4 db 0
    18 00000013 257300                  format db "%s",0
    19 00000016 0A00                    zece dw 10
    20                                  
    21                                  segment code use32 class=code
    22                                  
    23                                  cifra:
    24 00000000 6689D8                      mov ax, bx
    25 00000003 66BA0000                    mov dx,0
    26 00000007 66F735[16000000]            div word [zece]
    27 0000000E 6689C3                      mov bx,ax
    28 00000011 6689D0                      mov ax, dx
    29 00000014 6683C030                    add ax,'0'
    30 00000018 C3                      ret
    31                                  
    32                                  start:
    33                                          
    34 00000019 68[07000000]                push dword mod_acces
    35 0000001E 68[00000000]                push dword nume_fisier
    36 00000023 FF15[00000000]              call [fopen]
    37 00000029 83C408                      add esp,4*2
    38 0000002C A3[09000000]                mov [descriptor],eax
    39                                      
    40 00000031 83F800                      cmp eax,0
    41 00000034 7453                        je final
    42                                  
    43 00000036 B902000000                  mov ecx,2
    44 0000003B BF[0F000000]                mov edi,text
    45 00000040 668B1D[0D000000]            mov bx,[nr]
    46                                      repeta:
    47 00000047 E8B4FFFFFF                      call cifra
    48 0000004C 66AB                            stosw
    49 0000004E 66B82000                        mov ax,' '
    50 00000052 66AB                            stosw
    51 00000054 6683FB00                        cmp bx,0
    52 00000058 7407                                je afara
    53 0000005A B902000000                      mov ecx,2
    54 0000005F E2E6                        loop repeta
    55                                      afara:
    56                                      
    57 00000061 68[0F000000]                push dword text
    58 00000066 68[13000000]                push dword format 
    59 0000006B FF35[09000000]              push dword [descriptor]
    60 00000071 FF15[00000000]              call [fprintf]
    61 00000077 83C40C                      add esp,4*3
    62                                      
    63 0000007A FF35[09000000]              push dword [descriptor]
    64 00000080 FF15[00000000]              call [fclose]
    65 00000086 83C404                      add esp,4*1
    66                                      
    67                                      final:
    68 00000089 6A00                    push dword 0
    69 0000008B FF15[00000000]          call [exit]
