     1                                  ;Se dau un nume de fisier si un text (definite in segmentul de date). Textul contine litere mici, litere mari, cifre si caractere speciale. Sa se inlocuiasca toate CIFRELE din textul dat cu caracterul 'C'. Sa se cre
     2                                  
     3                                  bits 32
     4                                  global start
     5                                  extern exit,fclose,fprintf,fopen
     6                                  import exit msvcrt.dll
     7                                  import fclose msvcrt.dll
     8                                  import fprintf msvcrt.dll
     9                                  import fopen msvcrt.dll
    10                                  
    11                                  segment data use32 class=data
    12                                  
    13 00000000 32342E74787400          nume_fisier db "24.txt", 0
    14 00000007 7700                    mod_acces db "w", 0
    15 00000009 FFFFFFFF                descriptor dd -1
    16 0000000D 6E666F5D35392E7341-     text db "nfo]59.sAD", 0
    16 00000016 4400               
    17                                  len equ $-text-1
    18 00000018 00<rept>                text2 times len db 0
    19                                  
    20                                  segment code use32 class=code
    21                                  
    22                                  start:
    23                                          
    24 00000000 68[07000000]                push dword mod_acces
    25 00000005 68[00000000]                push dword nume_fisier
    26 0000000A FF15[00000000]              call [fopen]
    27 00000010 83C408                      add esp,4*2
    28 00000013 A3[09000000]                mov [descriptor],eax
    29                                      
    30 00000018 83F800                      cmp eax,0
    31 0000001B 7440                            je final
    32                                  
    33 0000001D B90A000000                  mov ecx,len
    34 00000022 BE[0D000000]                mov esi,text
    35 00000027 BF[18000000]                mov edi,text2
    36                                      repeta:
    37 0000002C AC                              lodsb
    38 0000002D 3C30                            cmp al,'0'
    39 0000002F 7C06                                jl dupa
    40 00000031 3C39                            cmp al,'9'
    41 00000033 7F02                                jg dupa
    42 00000035 B043                            mov al,'C'
    43                                          dupa:
    44 00000037 AA                              stosb
    45 00000038 E2F2                        loop repeta
    46                                      
    47 0000003A 68[18000000]                push dword text2
    48 0000003F FF35[09000000]              push dword [descriptor]
    49 00000045 FF15[00000000]              call [fprintf]
    50 0000004B 83C408                      add esp,4*2
    51                                      
    52 0000004E FF35[09000000]              push dword [descriptor]
    53 00000054 FF15[00000000]              call [fclose]
    54 0000005A 83C404                      add esp,4*1
    55                                      
    56                                      final:
    57 0000005D 6A00                    push dword 0
    58 0000005F FF15[00000000]          call [exit]
