     1                                  ;Se dau un nume de fisier si un text (definite in segmentul de date). Textul contine litere mici, litere mari, cifre si caractere speciale. Sa se inlocuiasca toate spatiile din textul dat cu caracterul 'S'. Sa se cr
     2                                  
     3                                  bits 32
     4                                  global start
     5                                  extern exit,fclose,fprintf,fopen
     6                                  import exit msvcrt.dll
     7                                  import fclose msvcrt.dll
     8                                  import fprintf msvcrt.dll
     9                                  import fopen msvcrt.dll
    10                                  
    11                                  segment data use32 class=data
    12                                  
    13 00000000 32352E74787400          nume_fisier db "25.txt", 0
    14 00000007 7700                    mod_acces db "w", 0
    15 00000009 FFFFFFFF                descriptor dd -1
    16 0000000D 6E66206F5D20203539-     text db "nf o]  59.s AD", 0
    16 00000016 2E7320414400       
    17                                  len equ $-text-1
    18 0000001C 00<rept>                text2 times len db 0
    19                                  
    20                                  segment code use32 class=code
    21                                  
    22                                  start:
    23                                          
    24 00000000 68[07000000]                push dword mod_acces
    25 00000005 68[00000000]                push dword nume_fisier
    26 0000000A FF15[00000000]              call [fopen]
    27 00000010 83C408                      add esp,4*2
    28 00000013 A3[09000000]                mov [descriptor],eax
    29                                      
    30 00000018 83F800                      cmp eax,0
    31 0000001B 743C                            je final
    32                                  
    33 0000001D B90E000000                  mov ecx,len
    34 00000022 BE[0D000000]                mov esi,text
    35 00000027 BF[1C000000]                mov edi,text2
    36                                      repeta:
    37 0000002C AC                              lodsb
    38 0000002D 3C20                            cmp al,' '
    39 0000002F 7502                                jne dupa
    40 00000031 B053                            mov al,'S'
    41                                          dupa:
    42 00000033 AA                              stosb
    43 00000034 E2F6                        loop repeta
    44                                      
    45 00000036 68[1C000000]                push dword text2
    46 0000003B FF35[09000000]              push dword [descriptor]
    47 00000041 FF15[00000000]              call [fprintf]
    48 00000047 83C408                      add esp,4*2
    49                                      
    50 0000004A FF35[09000000]              push dword [descriptor]
    51 00000050 FF15[00000000]              call [fclose]
    52 00000056 83C404                      add esp,4*1
    53                                      
    54                                      final:
    55 00000059 6A00                    push dword 0
    56 0000005B FF15[00000000]          call [exit]
