     1                                  ;Se da un fisier text. Sa se citeasca continutul fisierului, sa se contorizeze numarul de cifre pare si sa se afiseze aceasta valoare. Numele fisierului text este definit in segmentul de date.
     2                                  
     3                                  bits 32
     4                                  global start
     5                                  extern exit,printf,fclose,fread,fopen
     6                                  import exit msvcrt.dll
     7                                  import printf msvcrt.dll
     8                                  import fclose msvcrt.dll
     9                                  import fread msvcrt.dll
    10                                  import fopen msvcrt.dll
    11                                  
    12                                  segment data use32 class=data
    13                                  
    14 00000000 332E74787400            nume_fisier db "3.txt", 0
    15 00000006 7200                    mod_acces db "r", 0
    16 00000008 FF                      descriptor db -1
    17                                  len equ 100
    18 00000009 00<rept>                text times len db 0 
    19                                  
    20 0000006D 00000000                nr dd 0
    21 00000071 6E7220706172653D20-     format db "nr pare= %d", 0
    21 0000007A 256400             
    22                                  
    23                                  segment code use32 class=code
    24                                  
    25                                  par:
    26 00000000 F8                          clc
    27 00000001 D0E8                        shr al,1
    28 00000003 7207                        jc afara
    29 00000005 8305[6D000000]01                add dword [nr],1
    30                                      afara:
    31 0000000C C3                      ret
    32                                  
    33                                  start:
    34                                          
    35 0000000D 68[06000000]                push dword mod_acces
    36 00000012 68[00000000]                push dword nume_fisier
    37 00000017 FF15[00000000]              call [fopen]
    38 0000001D 83C408                      add esp,4*2
    39 00000020 A3[08000000]                mov [descriptor],eax
    40                                      
    41 00000025 83F800                      cmp eax,0
    42 00000028 7454                        je final
    43                                      
    44 0000002A FF35[08000000]              push dword [descriptor]
    45 00000030 6A64                        push dword len
    46 00000032 6A01                        push dword 1
    47 00000034 68[09000000]                push dword text
    48 00000039 FF15[00000000]              call [fread]
    49 0000003F 83C410                      add esp,4*4
    50                                      
    51 00000042 BE[09000000]                mov esi,text
    52 00000047 89C1                        mov ecx,eax
    53                                      repeta:
    54 00000049 AC                              lodsb
    55                                          
    56 0000004A 3C30                            cmp al,'0'
    57 0000004C 7C0B                            jl iesire
    58 0000004E 3C39                            cmp al,'9'
    59 00000050 7F07                            jg iesire
    60                                          
    61 00000052 2C30                            sub al,'0'
    62 00000054 E8A7FFFFFF                      call par
    63                                          iesire:
    64 00000059 E2EE                        loop repeta
    65                                      
    66 0000005B FF35[6D000000]              push dword [nr]
    67 00000061 68[71000000]                push dword format
    68 00000066 FF15[00000000]              call [printf]
    69 0000006C 83C408                      add esp,4*2
    70                                      
    71 0000006F FF35[08000000]              push dword [descriptor]
    72 00000075 FF15[00000000]              call [fclose]
    73 0000007B 83C404                      add esp,4*1
    74                                      
    75                                      final:
    76                                      
    77 0000007E 6A00                    push dword 0
    78 00000080 FF15[00000000]          call [exit]
