     1                                  ;Se da un fisier text. Sa se citeasca continutul fisierului, sa se contorizeze numarul de caractere speciale si sa se afiseze aceasta valoare. Numele fisierului text este definit in segmentul de date.
     2                                  
     3                                  bits 32
     4                                  global start
     5                                  extern exit,printf,fclose,fread,fopen
     6                                  import exit msvcrt.dll
     7                                  import printf msvcrt.dll
     8                                  import fclose msvcrt.dll
     9                                  import fread msvcrt.dll
    10                                  import fopen msvcrt.dll
    11                                  
    12                                  segment data use32 class=data
    13                                  
    14 00000000 352E74787400            nume_fisier db "5.txt", 0
    15 00000006 7200                    mod_acces db "r", 0
    16 00000008 FF                      descriptor db -1
    17                                  len equ 100
    18 00000009 00<rept>                text times len db 0 
    19                                  
    20 0000006D 00000000                nr dd 0
    21 00000071 6E7220646520636172-     format db "nr de carcatere speciale= %d", 0
    21 0000007A 636174657265207370-
    21 00000083 656369616C653D2025-
    21 0000008C 6400               
    22                                  
    23                                  segment code use32 class=code
    24                                  
    25                                  start:
    26                                          
    27 00000000 68[06000000]                push dword mod_acces
    28 00000005 68[00000000]                push dword nume_fisier
    29 0000000A FF15[00000000]              call [fopen]
    30 00000010 83C408                      add esp,4*2
    31 00000013 A3[08000000]                mov [descriptor],eax
    32                                      
    33 00000018 83F800                      cmp eax,0
    34 0000001B 747F                        je final
    35                                      
    36 0000001D FF35[08000000]              push dword [descriptor]
    37 00000023 6A64                        push dword len
    38 00000025 6A01                        push dword 1
    39 00000027 68[09000000]                push dword text
    40 0000002C FF15[00000000]              call [fread]
    41 00000032 83C410                      add esp,4*4
    42                                      
    43 00000035 BE[09000000]                mov esi,text
    44 0000003A 89C1                        mov ecx,eax
    45                                      repeta:
    46 0000003C AC                              lodsb
    47 0000003D 3C39                            cmp al,'9'
    48 0000003F 7F0D                            jg urm1
    49 00000041 3C30                                cmp al,'0'
    50 00000043 7D32                                jge afara
    51 00000045 8305[6D000000]01                        add dword [nr],1
    52 0000004C EB29                                    jmp afara
    53                                          urm1:
    54 0000004E 3C5A                            cmp al,'Z'
    55 00000050 7F0D                            jg urm2
    56 00000052 3C41                                cmp al,'A'
    57 00000054 7D21                                jge afara
    58 00000056 8305[6D000000]01                        add dword [nr],1
    59 0000005D EB18                                    jmp afara    
    60                                          urm2:
    61 0000005F 3C7A                            cmp al,'z'
    62 00000061 7F0D                            jg urm3
    63 00000063 3C61                                cmp al,'a'
    64 00000065 7D10                                jge afara
    65 00000067 8305[6D000000]01                        add dword [nr],1
    66 0000006E EB07                                    jmp afara    
    67                                          urm3:
    68 00000070 8305[6D000000]01                add dword [nr],1
    69                                          afara:
    70 00000077 E2C3                        loop repeta
    71                                      
    72 00000079 FF35[6D000000]              push dword [nr]
    73 0000007F 68[71000000]                push dword format
    74 00000084 FF15[00000000]              call [printf]
    75 0000008A 83C408                      add esp,4*2
    76                                      
    77 0000008D FF35[08000000]              push dword [descriptor]
    78 00000093 FF15[00000000]              call [fclose]
    79 00000099 83C404                      add esp,4*1
    80                                      
    81                                      final:
    82                                      
    83 0000009C 6A00                    push dword 0
    84 0000009E FF15[00000000]          call [exit]
